Log file open, 03/30/15 13:55:53
LogInit:Display: Running engine for game: LevelDesignProject
LogInit: Version: 4.7.3-2479750+++depot+UE4-Releases+4.7
LogInit: API Version: 2455222
LogInit: Compiled (64-bit): Mar 15 2015 23:20:45
LogInit: Compiled with Visual C++: 18.00.21005.01
LogInit: Build Configuration: Development
LogInit: Branch Name: ++depot+UE4-Releases+4.7
LogInit: Command line: 
LogInit: Base directory: C:/Program Files/Epic Games/4.7/Engine/Binaries/Win64/
LogInit: Rocket: 1
[2015.03.30-12.55.53:790][  0]LogTaskGraph: Started task graph with 3 named threads and 6 total threads.
[2015.03.30-12.55.53:841][  0]LogOnline:Warning: No default platform service specified for OnlineSubsystem
[2015.03.30-12.55.53:853][  0]LogInit: Presizing for 0 objects not considered by GC, pre-allocating 0 bytes.
[2015.03.30-12.55.53:862][  0]LogInit: Object subsystem initialized
[2015.03.30-12.55.53:863][  0]LogConsoleResponse:Warning: Skipping Unknown console variable: 'UIScaleRule = ShortestSide'
[2015.03.30-12.55.53:863][  0]LogConsoleResponse:Warning:   Found in ini file 'E:/3D level Design/3D level design assets stuff/1415-3D-Level-Design/Saved/Config/Windows/Engine.ini', in section '[/Script/Engine.RendererSettings]'
[2015.03.30-12.55.53:863][  0]LogConsoleResponse:Warning: Skipping Unknown console variable: 'UIScaleCurve = (EditorCurveData=(Keys=),ExternalCurve=None)'
[2015.03.30-12.55.53:863][  0]LogConsoleResponse:Warning:   Found in ini file 'E:/3D level Design/3D level design assets stuff/1415-3D-Level-Design/Saved/Config/Windows/Engine.ini', in section '[/Script/Engine.RendererSettings]'
[2015.03.30-12.55.53:864][  0]LogConsoleManager:Warning: Console variable 'r.MSAA.CompositingSampleCount' wasn't set (Priority ProjectSetting < Scalability)
[2015.03.30-12.55.53:864][  0]LogInit: Selected Device Profile: [Windows]
[2015.03.30-12.55.53:864][  0]LogInit: Applying CVar settings loaded from the selected device profile: [Windows]
[2015.03.30-12.55.53:970][  0]LogInit: Computer: PC-P-E113B-06
[2015.03.30-12.55.53:970][  0]LogInit: User: b00205833
[2015.03.30-12.55.53:970][  0]LogInit: CPU Page size=4096, Cores=4
[2015.03.30-12.55.53:970][  0]LogInit: High frequency timer resolution =3.312666 MHz
[2015.03.30-12.55.53:970][  0]LogMemory: Memory total: Physical=15.8GB (16GB approx) Virtual=8192.0GB
[2015.03.30-12.55.53:970][  0]LogMemory: Platform Memory Stats for Windows
[2015.03.30-12.55.53:970][  0]LogMemory: Process Physical Memory: 48.02 MB used, 48.02 MB peak
[2015.03.30-12.55.53:970][  0]LogMemory: Process Virtual Memory: 24.67 MB used, 24.67 MB peak
[2015.03.30-12.55.53:970][  0]LogMemory: Physical Memory: 5233.25 MB used, 16136.93 MB total
[2015.03.30-12.55.53:970][  0]LogMemory: Virtual Memory: 277.27 MB used, 8388608.00 MB total
[2015.03.30-12.55.54:026][  0]LogD3D11RHI: Found D3D11 adapter 0: NVIDIA Quadro K4000 (Feature Level 11_0)
[2015.03.30-12.55.54:026][  0]LogD3D11RHI: Adapter has 3008MB of dedicated video memory, 0MB of dedicated system memory, and 7812MB of shared system memory, 2 output[s]
[2015.03.30-12.55.54:026][  0]LogD3D11RHI: Chosen D3D11 Adapter Id = 0
[2015.03.30-12.55.54:031][  0]LogRHI: Texture pool is 1361 MB (70% of 1945 MB)
[2015.03.30-12.55.54:040][  0]LogD3D11RHI: Async texture creation enabled
[2015.03.30-12.55.54:091][  0]LogTextLocalizationManager: The requested culture ('en_GB') has no localization data; parent culture's ('en') localization data will be used.
[2015.03.30-12.55.54:149][  0]LogTextLocalizationManager:Warning: Loading localization resources contain conflicting entries for (Namespace:UICommands, Key:Save_ToolTip):
Resource: (C:/Program Files/Epic Games/4.7/Engine/Content/Localization/Editor/en/Editor.locres) Hash: (-29098895) String: (Saves the current level to disk)
Resource: (C:/Program Files/Epic Games/4.7/Engine/Content/Localization/Engine/en/Engine.locres) Hash: (-1280300587) String: (Save selected data to vlog file)
[2015.03.30-12.55.54:149][  0]LogTextLocalizationManager:Warning: Loading localization resources contain conflicting entries for (Namespace:ContentBrowser, Key:ImportAssetToolTip):
Resource: (C:/Program Files/Epic Games/4.7/Engine/Content/Localization/Editor/en/Editor.locres) Hash: (-630476809) String: (Import to {0}...)
Resource: (C:/Program Files/Epic Games/4.7/Engine/Content/Localization/Editor/en/Editor.locres) Hash: (1271782899) String: (Imports an asset from file to this folder.)
[2015.03.30-12.55.54:243][  0]LogContentStreaming: Texture pool size is 0.000000MB
[2015.03.30-12.55.58:494][  0]LogTargetPlatformManager:Display: Building Assets For Windows
[2015.03.30-12.56.00:479][  0]LogTargetPlatformManager:Display: Building Assets For Windows
[2015.03.30-12.56.00:531][  0]LogDerivedDataCache:Display: Max Cache Size: 512 MB
[2015.03.30-12.56.00:583][  0]LogDerivedDataCache: Loaded boot cache 0.05s 39MB C:/Users/b00205833/AppData/Local/UnrealEngine/4.7/DerivedDataCache/Boot.ddc.
[2015.03.30-12.56.00:584][  0]LogDerivedDataCache:Display: Loaded Boot cache: C:/Users/b00205833/AppData/Local/UnrealEngine/4.7/DerivedDataCache/Boot.ddc
[2015.03.30-12.56.00:584][  0]LogDerivedDataCache: FDerivedDataBackendGraph:  Pak pak cache file E:/3D level Design/3D level design assets stuff/1415-3D-Level-Design/DerivedDataCache/DDC.ddp not found, will not use a pak cache.
[2015.03.30-12.56.00:584][  0]LogDerivedDataCache: Unable to find inner node Pak for hierarchical cache Hierarchy.
[2015.03.30-12.56.00:687][  0]LogDerivedDataCache:Display: Pak cache opened for reading ../../../Engine/DerivedDataCache/Compressed.ddp.
[2015.03.30-12.56.00:698][  0]LogDerivedDataCache: Using Local data cache path C:/Users/b00205833/AppData/Local/UnrealEngine/Common/DerivedDataCache: Writable
[2015.03.30-12.56.02:521][  0]LogMeshUtilities: No automatic mesh reduction module available
[2015.03.30-12.56.02:521][  0]LogMeshUtilities: No automatic mesh merging module available
[2015.03.30-12.56.02:852][  0]LogInit: WinSock: version 1.1 (2.2), MaxSocks=32767, MaxUdp=65467
[2015.03.30-12.56.02:916][  0]LogSlate:Warning: Failed to load font data from '../../../Engine/Content/Slate/Fonts/Roboto-Italic.ttf'
[2015.03.30-12.56.03:574][  0]UdpMessaging: Initializing bridge on interface 0.0.0.0:0 to multicast group 230.0.0.1:6666.
[2015.03.30-12.56.04:038][  0]SourceControl: Info Source control is disabled
[2015.03.30-12.56.04:038][  0]SourceControl: Info Source control is disabled
[2015.03.30-12.56.04:038][  0]SourceControl: Info Source control is disabled
[2015.03.30-12.56.04:038][  0]LogSourceControl: RunCommandInternalRaw: 'git version'
[2015.03.30-12.56.04:038][  0]LogSourceControl: RunCommandInternalRaw: ExecProcess ReturnCode=2 OutResults=''
[2015.03.30-12.56.04:047][  0]SourceControl: Info Source control is disabled
[2015.03.30-12.56.04:200][  0]LogObj: 24231 objects as part of root set at end of initial load.
[2015.03.30-12.56.04:200][  0]LogUObjectAllocator: 5136440 out of 0 bytes used by permanent object pool.
[2015.03.30-12.56.04:924][  0]LogEngine: Initializing Engine...
[2015.03.30-12.56.07:053][  0]LogInit: XAudio2 using 'Speakers (Realtek High Definition Audio)' : 2 channels at 48 kHz using 32 bits per sample (channel mask 0x3)
[2015.03.30-12.56.07:061][  0]LogInit: FAudioDevice initialized.
[2015.03.30-12.56.07:093][  0]LogAIModule: Creating AISystem for world NewWorld
[2015.03.30-12.56.07:126][  0]LogDerivedDataCache: Saved boot cache 0.03s 39MB C:/Users/b00205833/AppData/Local/UnrealEngine/4.7/DerivedDataCache/Boot.ddc.
[2015.03.30-12.56.08:092][  0]LogInit: Texture streaming: Enabled
[2015.03.30-12.56.08:170][  0]LogAnalytics: Creating configured Analytics provider AnalyticsET
[2015.03.30-12.56.08:170][  0]LogAnalytics: ET APIKey = Rocket.Release. APIServer = http://et2.epicgames.com/ET2/. AppVersion = 4.7.3-2479750+++depot+UE4-Releases+4.7
[2015.03.30-12.56.08:170][  0]LogAnalytics: ET APIKey = Rocket.Release. DataRouterUploadURL = https://datarouter-public-service-gamedev.ol.epicgames.net/datarouter/api/v1/public/data. AppVersion = 4.7.3-2479750+++depot+UE4-Releases+4.7
[2015.03.30-12.56.08:170][  0]LogAnalytics: SetUserId 5e82a6ff4a9fd0cbba5a9fbad1f51096|8b63e09de55b46b8b41808be81ff4bd4|91c3eff8-617b-40bb-aeb6-a9057b0b07ad
[2015.03.30-12.56.08:206][  0]LogAnalytics: AnalyticsET::StartSession [Rocket.Release]
[2015.03.30-12.56.08:229][  0]LogInit: Transaction tracking system initialized
[2015.03.30-12.56.08:452][  0]BlueprintLog: New page: Editor Load
[2015.03.30-12.56.08:482][  0]LogAssetRegistry: FAssetRegistry took 0.0101 seconds to start up
[2015.03.30-12.56.08:482][  0]LogDirectoryWatcher:Warning: Failed to begin reading directory changes for ../../../Engine/Plugins/Experimental/CharacterAI/Content/. Error: 0
[2015.03.30-12.56.10:398][  0]LogTargetPlatformManager:Display: Building Assets For Windows
[2015.03.30-12.56.11:268][  0]LogTargetPlatformManager:Display: Building Assets For Windows
[2015.03.30-12.56.12:584][  0]LogSlate:Warning: Failed to load font data from '../../../Engine/Content/Editor/Slate/Fonts/Roboto-Regular.ttf'
[2015.03.30-12.56.12:585][  0]LogSlate:Warning: Failed to load font data from '../../../Engine/Content/Editor/Slate/Fonts/Roboto-Bold.ttf'
[2015.03.30-12.56.12:591][  0]LogConsoleResponse:Display: 
[2015.03.30-12.56.12:775][  0]LogCook:Display: Done creating registry. It took  0.00s.
[2015.03.30-12.56.13:561][  0]SourceControl: Info Source control is disabled
[2015.03.30-12.56.13:561][  0]Cmd: MAP LOAD FILE="E:/3D level Design/3D level design assets stuff/1415-3D-Level-Design/Content/StarterContent/Minimal_Default.umap" TEMPLATE=0 SHOWPROGRESS=1 FEATURELEVEL=3
[2015.03.30-12.56.13:566][  0]LightingResults: New page: Lighting Build
[2015.03.30-12.56.13:579][  0]MapCheck: New page: Map Check
[2015.03.30-12.56.13:579][  0]LightingResults: New page: Lighting Build
[2015.03.30-12.56.13:586][  0]LogParticles: Destroying 0 GPU particle simulations for FXSystem 0x0000000003E60D60
[2015.03.30-12.56.16:876][  0]LogEditorServer: Finished looking for orphan Actors (0.000 secs)
[2015.03.30-12.56.16:894][  0]LogAIModule: Creating AISystem for world Minimal_Default
[2015.03.30-12.56.16:897][  0]Cmd: MAP CHECKDEP
[2015.03.30-12.56.16:897][  0]MapCheck: New page: Minimal_Default - 30 Mar 2015 14:56:16
[2015.03.30-12.56.17:767][  0]MapCheck: Info Map check complete: 0 Error(s), 0 Warning(s), took 869.257ms to complete.
[2015.03.30-12.56.17:767][  0]LogFileHelpers: Loading map 'Minimal_Default' took 4.205
[2015.03.30-12.56.17:918][  0]LogCollectionManager: Loaded 0 collections in 0.002390 seconds
[2015.03.30-12.56.17:929][  0]LogContentBrowser: Native class hierarchy populated in 0.0101 seconds. Added 1696 classes and 261 folders.
[2015.03.30-12.56.18:552][  0]LogContentBrowser: Native class hierarchy updated for 'SceneOutliner' in 0.0409 seconds. Added 1 classes and 2 folders.
[2015.03.30-12.56.18:628][  0]LogCrashTracker: Crashtracker disabled due to settings.
[2015.03.30-12.56.18:630][  0]LogSlate:Warning: Failed to load font data from 'Veranda'
[2015.03.30-12.56.18:636][  0]LogUObjectGlobals:Warning: Failed to find object 'Class None.'
[2015.03.30-12.56.18:663][  0]LogLoad: Full Startup: 28.99 seconds (BP compile: 0.06 seconds)
[2015.03.30-12.56.18:800][  0]LogRenderer:Warning: Reallocating scene render targets to support 32x32 (Frame:2).
[2015.03.30-12.56.19:870][  0]LogRenderer:Warning: Reallocating scene render targets to support 1208x576 (Frame:3).
[2015.03.30-12.56.23:101][  3]LogAssetRegistry: Asset discovery search completed in 14.6282 seconds
[2015.03.30-12.56.25:789][130]LogContentBrowser:Verbose: The content browser source was changed by the sources view to '/Game/maps'
[2015.03.30-12.56.30:141][199]Cmd: MAP LOAD FILE="E:/3D level Design/3D level design assets stuff/1415-3D-Level-Design/Content/maps/model-workspace.umap" TEMPLATE=0 SHOWPROGRESS=1 FEATURELEVEL=3
[2015.03.30-12.56.30:141][199]LightingResults: New page: Lighting Build
[2015.03.30-12.56.30:164][199]LoadErrors: New page: Loading map: model-workspace.umap
[2015.03.30-12.56.30:166][199]MapCheck: New page: Map Check
[2015.03.30-12.56.30:166][199]LightingResults: New page: Lighting Build
[2015.03.30-12.56.30:173][199]LogParticles: Destroying 0 GPU particle simulations for FXSystem 0x000000000C7EB060
[2015.03.30-12.56.30:395][199]LogEditorServer: Finished looking for orphan Actors (0.000 secs)
[2015.03.30-12.56.30:539][199]LogAIModule: Creating AISystem for world model-workspace
[2015.03.30-12.56.30:677][199]Cmd: MAP CHECKDEP
[2015.03.30-12.56.30:677][199]MapCheck: New page: model-workspace - 30 Mar 2015 14:56:30
[2015.03.30-12.56.31:933][199]MapCheck: Info Map check complete: 0 Error(s), 0 Warning(s), took 1,255.769ms to complete.
[2015.03.30-12.56.31:971][199]LogFileHelpers: Loading map 'model-workspace' took 1.830
[2015.03.30-12.56.45:844][270]LogContentBrowser:Verbose: The content browser source was changed by the sources view to '/Game/props'
[2015.03.30-12.57.07:244][336]LogFactory: FactoryCreateBinary: StaticMesh with FbxFactory (0 0 E:/3D level Design/3D level design assets stuff/1415-3D-Level-Design/blend files/Blueprintexample/SM_Cog_Underground_Console_Panel_NoButton.FBX)
[2015.03.30-12.57.07:302][336]LogFbx: ItemName: GlobalSettings, ItemCount : 1
[2015.03.30-12.57.07:302][336]LogFbx: ItemName: AnimationStack, ItemCount : 1
[2015.03.30-12.57.07:302][336]LogFbx: ItemName: AnimationLayer, ItemCount : 1
[2015.03.30-12.57.07:302][336]LogFbx: ItemName: Model, ItemCount : 1
[2015.03.30-12.57.07:302][336]LogFbx: ItemName: Geometry, ItemCount : 1
[2015.03.30-12.57.07:302][336]LogFbx: ItemName: Material, ItemCount : 3
[2015.03.30-12.57.23:941][336]LogFbx: Loading FBX Scene from E:/3D level Design/3D level design assets stuff/1415-3D-Level-Design/blend files/Blueprintexample/SM_Cog_Underground_Console_Panel_NoButton.FBX
[2015.03.30-12.57.23:963][336]LogFbx: FBX Scene Loaded Succesfully
[2015.03.30-12.57.23:986][336]LogLinker:Warning: Can't find file '/Game/props/M_COG_Underground_Console_Panel_Bits'
[2015.03.30-12.57.23:987][336]LogLinker:Warning: Can't find file '/Game/props/M_COG_Underground_Console_Panel_Bits'
[2015.03.30-12.57.23:987][336]LogUObjectGlobals:Warning: Failed to find object 'MaterialInterface /Game/props/M_COG_Underground_Console_Panel_Bits.M_COG_Underground_Console_Panel_Bits'
[2015.03.30-12.57.24:272][336]LogMaterial: Missing cached shader map for material M_COG_Underground_Console_Panel_Bits, compiling. 
[2015.03.30-12.57.24:297][336]LogLinker:Warning: Can't find file '/Game/props/M_COG_Underground_Console_Panel'
[2015.03.30-12.57.24:298][336]LogLinker:Warning: Can't find file '/Game/props/M_COG_Underground_Console_Panel'
[2015.03.30-12.57.24:298][336]LogUObjectGlobals:Warning: Failed to find object 'MaterialInterface /Game/props/M_COG_Underground_Console_Panel.M_COG_Underground_Console_Panel'
[2015.03.30-12.57.24:594][336]LogMaterial: Missing cached shader map for material M_COG_Underground_Console_Panel, compiling. 
[2015.03.30-12.57.24:619][336]LogLinker:Warning: Can't find file '/Game/props/M_Underground_Monitor_Blank'
[2015.03.30-12.57.24:620][336]LogLinker:Warning: Can't find file '/Game/props/M_Underground_Monitor_Blank'
[2015.03.30-12.57.24:620][336]LogUObjectGlobals:Warning: Failed to find object 'MaterialInterface /Game/props/M_Underground_Monitor_Blank.M_Underground_Monitor_Blank'
[2015.03.30-12.57.24:831][336]LogMaterial: Missing cached shader map for material M_Underground_Monitor_Blank, compiling. 
[2015.03.30-12.57.24:904][336]LogFbx: == Initial material list:
[2015.03.30-12.57.24:904][336]LogFbx: 0: M_COG_Underground_Console_Panel_Bits
[2015.03.30-12.57.24:904][336]LogFbx: 1: M_COG_Underground_Console_Panel
[2015.03.30-12.57.24:904][336]LogFbx: 2: M_Underground_Monitor_Blank
[2015.03.30-12.57.24:904][336]LogFbx: 3: M_Underground_Monitor_Blank
[2015.03.30-12.57.24:904][336]LogFbx:   remap 3 -> 2
[2015.03.30-12.57.24:904][336]LogFbx: == After sorting:
[2015.03.30-12.57.24:904][336]LogFbx: 0: M_COG_Underground_Console_Panel_Bits
[2015.03.30-12.57.24:904][336]LogFbx: 1: M_COG_Underground_Console_Panel
[2015.03.30-12.57.24:904][336]LogFbx: 2: M_Underground_Monitor_Blank
[2015.03.30-12.57.24:904][336]LogFbx: == Mapping table:
[2015.03.30-12.57.24:904][336]LogFbx:   sort 0 -> 0
[2015.03.30-12.57.24:927][336]LogFbx:   sort 1 -> 1
[2015.03.30-12.57.24:927][336]LogFbx:   sort 2 -> 2
[2015.03.30-12.57.24:927][336]LogFbx:   sort 3 -> 2
[2015.03.30-12.57.25:001][336]LogStaticMesh: Building static mesh SM_Cog_Underground_Console_Panel_NoButton...
[2015.03.30-12.57.25:281][336]LogStaticMesh: Built static mesh [280.454468ms] /Game/props/SM_Cog_Underground_Console_Panel_NoButton.SM_Cog_Underground_Console_Panel_NoButton
[2015.03.30-12.57.25:336][336]LogStaticMesh:Warning: SM_Cog_Underground_Console_Panel_NoButton has degenerate tangent bases which will result in incorrect shading. 
[2015.03.30-12.57.29:016][336]FBXImport:Warning: Warning Warning: No smoothing group information was found in this FBX scene.  Please make sure to enable the 'Export Smoothing Groups' option in the FBX Exporter plug-in before exporting the file.  Even for tools that don't support smoothing groups, the FBX Exporter will generate appropriate smoothing data at export-time so that correct vertex normals can be inferred while importing. 
[2015.03.30-12.57.29:411][336]LogContentBrowser:Verbose: The content browser source was changed by the sources view to 'None'
[2015.03.30-12.57.29:411][336]LogContentBrowser:Verbose: The content browser source was changed by the sources view to '/Game/props'
[2015.03.30-12.57.29:583][340]LogHttp:Warning: Response payload was 0 bytes, content-length indicated (2833) bytes. 00000000226E6B00
[2015.03.30-12.57.29:587][340]LogHttp:Warning: 00000000226E6B00 Response Header Via: 1.0 146.191.228.22 (McAfee Web Gateway 7.4.2.7.0.18936)
[2015.03.30-12.57.29:587][340]LogHttp:Warning: 00000000226E6B00 Response Header Content-Type: text/html
[2015.03.30-12.57.29:587][340]LogHttp:Warning: 00000000226E6B00 Response Header Cache-Control: no-cache
[2015.03.30-12.57.29:587][340]LogHttp:Warning: 00000000226E6B00 Response Header Content-Length: 2833
[2015.03.30-12.57.29:587][340]LogHttp:Warning: 00000000226E6B00 Response Header Proxy-Connection: Keep-Alive
[2015.03.30-12.57.38:927][854]LogActorFactory: Actor Factory created SM_Cog_Underground_Console_Panel_NoButton
[2015.03.30-12.57.40:845][872]LogActorFactory: Actor Factory created SM_Cog_Underground_Console_Panel_NoButton
[2015.03.30-12.58.05:624][712]LogContentBrowser:Verbose: The content browser source was changed by the sources view to '/Game'
[2015.03.30-12.58.21:095][804]LogSavePackage: Save=9349.902344ms
[2015.03.30-12.58.21:095][804]LogSavePackage: Moving 'E:/3D level Design/3D level design assets stuff/1415-3D-Level-Design/Saved/model-workspace3A9B176A456D9A7E7E8314ADDB593ED4.tmp' to 'E:/3D level Design/3D level design assets stuff/1415-3D-Level-Design/Content/maps/model-workspace.umap'
[2015.03.30-12.58.21:360][804]LogFileHelpers: Saving map 'model-workspace' took 10.570
[2015.03.30-12.58.22:691][804]LogSavePackage: Save=1254.436157ms
[2015.03.30-12.58.22:691][804]LogSavePackage: Moving 'E:/3D level Design/3D level design assets stuff/1415-3D-Level-Design/Saved/M_COG_Underground_Console_Panel5D230D904522C44BB96319BCFA483A3C.tmp' to 'E:/3D level Design/3D level design assets stuff/1415-3D-Level-Design/Content/props/M_COG_Underground_Console_Panel.uasset'
[2015.03.30-12.58.24:101][804]LogSavePackage: Save=1260.635376ms
[2015.03.30-12.58.24:101][804]LogSavePackage: Moving 'E:/3D level Design/3D level design assets stuff/1415-3D-Level-Design/Saved/M_COG_Underground_Console_Panel_Bits5987BD98409450A96E054C86DE4DFA8E.tmp' to 'E:/3D level Design/3D level design assets stuff/1415-3D-Level-Design/Content/props/M_COG_Underground_Console_Panel_Bits.uasset'
[2015.03.30-12.58.25:249][804]LogSavePackage: Save=943.371887ms
[2015.03.30-12.58.25:249][804]LogSavePackage: Moving 'E:/3D level Design/3D level design assets stuff/1415-3D-Level-Design/Saved/M_Underground_Monitor_BlankE574A7324FB4231E2FCFACA10934508B.tmp' to 'E:/3D level Design/3D level design assets stuff/1415-3D-Level-Design/Content/props/M_Underground_Monitor_Blank.uasset'
[2015.03.30-12.58.26:776][804]LogSavePackage: Save=1328.220215ms
[2015.03.30-12.58.26:776][804]LogSavePackage: Moving 'E:/3D level Design/3D level design assets stuff/1415-3D-Level-Design/Saved/SM_Cog_Underground_Console_Panel_NoButton879284DF45CB7F8806E5B28F33084C02.tmp' to 'E:/3D level Design/3D level design assets stuff/1415-3D-Level-Design/Content/props/SM_Cog_Underground_Console_Panel_NoButton.uasset'
[2015.03.30-12.58.44:181][159]LogContentBrowser:Verbose: The content browser source was changed by the sources view to '/Game/props'
[2015.03.30-12.59.06:921][499]LogHttp:Warning: Response payload was 0 bytes, content-length indicated (2833) bytes. 0000000022443900
[2015.03.30-12.59.06:921][499]LogHttp:Warning: 0000000022443900 Response Header Via: 1.0 146.191.228.22 (McAfee Web Gateway 7.4.2.7.0.18936)
[2015.03.30-12.59.06:921][499]LogHttp:Warning: 0000000022443900 Response Header Content-Type: text/html
[2015.03.30-12.59.06:921][499]LogHttp:Warning: 0000000022443900 Response Header Cache-Control: no-cache
[2015.03.30-12.59.06:921][499]LogHttp:Warning: 0000000022443900 Response Header Content-Length: 2833
[2015.03.30-12.59.06:921][499]LogHttp:Warning: 0000000022443900 Response Header Proxy-Connection: Keep-Alive
[2015.03.30-12.59.53:455][846]LogContentBrowser:Verbose: The content browser source was changed by the sources view to '/Game/props/Assets'
[2015.03.30-12.59.55:537][993]LogContentBrowser:Verbose: The content browser source was changed by the sources view to '/Game/props/Assets/Meshes'
[2015.03.30-12.59.56:955][ 30]LogLinker:Warning: Can't find file '/Game/Assets/Materials/M_COG_Underground_Console_Panel'
[2015.03.30-12.59.56:957][ 30]LogLinker:Warning: Can't find file for asset '/Game/Assets/Materials/M_COG_Underground_Console_Panel' while loading E:/3D level Design/3D level design assets stuff/1415-3D-Level-Design/Content/props/Assets/Meshes/SM_Cog_Underground_Console_Panel_NoButton.uasset.
[2015.03.30-12.59.56:965][ 30]LoadErrors:Error: Error /Game/props/Assets/Meshes/SM_Cog_Underground_Console_Panel_NoButton : Can't find file for asset. /Game/Assets/Materials/M_COG_Underground_Console_Panel
[2015.03.30-12.59.56:966][ 30]LogLinker:Warning: Can't find file '/Game/Assets/Materials/M_COG_Underground_Console_Panel_Bits'
[2015.03.30-12.59.56:967][ 30]LogLinker:Warning: Can't find file for asset '/Game/Assets/Materials/M_COG_Underground_Console_Panel_Bits' while loading E:/3D level Design/3D level design assets stuff/1415-3D-Level-Design/Content/props/Assets/Meshes/SM_Cog_Underground_Console_Panel_NoButton.uasset.
[2015.03.30-12.59.56:967][ 30]LoadErrors:Error: Error /Game/props/Assets/Meshes/SM_Cog_Underground_Console_Panel_NoButton : Can't find file for asset. /Game/Assets/Materials/M_COG_Underground_Console_Panel_Bits
[2015.03.30-12.59.56:968][ 30]LogLinker:Warning: Can't find file '/Game/Assets/Materials/M_Underground_Monitor_Blank'
[2015.03.30-12.59.56:969][ 30]LogLinker:Warning: Can't find file for asset '/Game/Assets/Materials/M_Underground_Monitor_Blank' while loading E:/3D level Design/3D level design assets stuff/1415-3D-Level-Design/Content/props/Assets/Meshes/SM_Cog_Underground_Console_Panel_NoButton.uasset.
[2015.03.30-12.59.56:969][ 30]LoadErrors:Error: Error /Game/props/Assets/Meshes/SM_Cog_Underground_Console_Panel_NoButton : Can't find file for asset. /Game/Assets/Materials/M_Underground_Monitor_Blank
[2015.03.30-12.59.56:970][ 30]LogLinker:Warning: Can't find file '/Game/Assets/Materials/M_COG_Underground_Console_Panel'
[2015.03.30-12.59.56:971][ 30]LogLinker:Warning: Can't find file for asset '/Game/Assets/Materials/M_COG_Underground_Console_Panel' while loading E:/3D level Design/3D level design assets stuff/1415-3D-Level-Design/Content/props/Assets/Meshes/SM_Cog_Underground_Console_Panel_NoButton.uasset.
[2015.03.30-12.59.56:971][ 30]LogLinker:Warning: Can't find file '/Game/Assets/Materials/M_COG_Underground_Console_Panel_Bits'
[2015.03.30-12.59.56:972][ 30]LogLinker:Warning: Can't find file for asset '/Game/Assets/Materials/M_COG_Underground_Console_Panel_Bits' while loading E:/3D level Design/3D level design assets stuff/1415-3D-Level-Design/Content/props/Assets/Meshes/SM_Cog_Underground_Console_Panel_NoButton.uasset.
[2015.03.30-12.59.56:991][ 30]LogLinker:Warning: Can't find file '/Game/Assets/Materials/M_Underground_Monitor_Blank'
[2015.03.30-12.59.56:991][ 30]LogLinker:Warning: Can't find file for asset '/Game/Assets/Materials/M_Underground_Monitor_Blank' while loading E:/3D level Design/3D level design assets stuff/1415-3D-Level-Design/Content/props/Assets/Meshes/SM_Cog_Underground_Console_Panel_NoButton.uasset.
[2015.03.30-12.59.56:993][ 30]LogLinker:Warning: Can't find file '/Game/Assets/Materials/M_COG_Underground_Console_Panel_Bits'
[2015.03.30-12.59.56:993][ 30]LoadErrors: Info Failed to load /Game/Assets/Materials/M_COG_Underground_Console_Panel_Bits.M_COG_Underground_Console_Panel_Bits Referenced by SM_Cog_Underground_Console_Panel_NoButton
[2015.03.30-12.59.56:994][ 30]LogLinker:Warning: Can't find file for asset '/Game/Assets/Materials/M_COG_Underground_Console_Panel_Bits' while loading NULL.
[2015.03.30-12.59.56:995][ 30]LogLinker:Warning: Can't find file '/Game/Assets/Materials/M_COG_Underground_Console_Panel'
[2015.03.30-12.59.56:995][ 30]LoadErrors: Info Failed to load /Game/Assets/Materials/M_COG_Underground_Console_Panel.M_COG_Underground_Console_Panel Referenced by SM_Cog_Underground_Console_Panel_NoButton
[2015.03.30-12.59.56:995][ 30]LogLinker:Warning: Can't find file for asset '/Game/Assets/Materials/M_COG_Underground_Console_Panel' while loading NULL.
[2015.03.30-12.59.56:996][ 30]LogLinker:Warning: Can't find file '/Game/Assets/Materials/M_COG_Underground_Console_Panel'
[2015.03.30-12.59.56:997][ 30]LogLinker:Warning: Can't find file for asset '/Game/Assets/Materials/M_COG_Underground_Console_Panel' while loading NULL.
[2015.03.30-12.59.56:998][ 30]LogLinker:Warning: Can't find file '/Game/Assets/Materials/M_Underground_Monitor_Blank'
[2015.03.30-12.59.56:998][ 30]LoadErrors: Info Failed to load /Game/Assets/Materials/M_Underground_Monitor_Blank.M_Underground_Monitor_Blank Referenced by SM_Cog_Underground_Console_Panel_NoButton
[2015.03.30-12.59.56:999][ 30]LogLinker:Warning: Can't find file for asset '/Game/Assets/Materials/M_Underground_Monitor_Blank' while loading NULL.
[2015.03.30-12.59.56:999][ 30]LogLinker:Warning: Can't find file '/Game/Assets/Materials/M_Underground_Monitor_Blank'
[2015.03.30-12.59.57:000][ 30]LogLinker:Warning: Can't find file for asset '/Game/Assets/Materials/M_Underground_Monitor_Blank' while loading NULL.
[2015.03.30-12.59.57:000][ 30]LogStaticMesh: Building static mesh SM_Cog_Underground_Console_Panel_NoButton...
[2015.03.30-12.59.57:403][ 30]LogStaticMesh: Built static mesh [402.717926ms] /Game/props/Assets/Meshes/SM_Cog_Underground_Console_Panel_NoButton.SM_Cog_Underground_Console_Panel_NoButton
[2015.03.30-12.59.58:098][ 30]LogActorFactory: Actor Factory created SM_Cog_Underground_Console_Panel_NoButton
[2015.03.30-13.00.00:161][ 63]LogActorFactory: Actor Factory created SM_Cog_Underground_Console_Panel_NoButton
[2015.03.30-13.00.24:943][ 28]LogContentBrowser:Verbose: The content browser source was changed by the sources view to '/Game/props/Assets/Materials'
[2015.03.30-13.00.55:113][858]LogLinker:Warning: Can't find file '/Game/Assets/Materials/ML_COG_Metal_Base_Light'
[2015.03.30-13.00.55:114][858]LogLinker:Warning: Can't find file for asset '/Game/Assets/Materials/ML_COG_Metal_Base_Light' while loading E:/3D level Design/3D level design assets stuff/1415-3D-Level-Design/Content/props/Assets/Materials/M_COG_Underground_Console_Panel.uasset.
[2015.03.30-13.00.55:114][858]LoadErrors:Error: Error /Game/props/Assets/Materials/M_COG_Underground_Console_Panel : Can't find file for asset. /Game/Assets/Materials/ML_COG_Metal_Base_Light
[2015.03.30-13.00.55:114][858]LogLinker:Warning: Can't find file '/Game/Assets/Materials/ML_COG_Shiny_Grey_1'
[2015.03.30-13.00.55:115][858]LogLinker:Warning: Can't find file for asset '/Game/Assets/Materials/ML_COG_Shiny_Grey_1' while loading E:/3D level Design/3D level design assets stuff/1415-3D-Level-Design/Content/props/Assets/Materials/M_COG_Underground_Console_Panel.uasset.
[2015.03.30-13.00.55:133][858]LoadErrors:Error: Error /Game/props/Assets/Materials/M_COG_Underground_Console_Panel : Can't find file for asset. /Game/Assets/Materials/ML_COG_Shiny_Grey_1
[2015.03.30-13.00.55:134][858]LogLinker:Warning: Can't find file '/Game/Assets/Materials/ML_Metal_Rust'
[2015.03.30-13.00.55:135][858]LogLinker:Warning: Can't find file for asset '/Game/Assets/Materials/ML_Metal_Rust' while loading E:/3D level Design/3D level design assets stuff/1415-3D-Level-Design/Content/props/Assets/Materials/M_COG_Underground_Console_Panel.uasset.
[2015.03.30-13.00.55:135][858]LoadErrors:Error: Error /Game/props/Assets/Materials/M_COG_Underground_Console_Panel : Can't find file for asset. /Game/Assets/Materials/ML_Metal_Rust
[2015.03.30-13.00.55:137][858]LogLinker:Warning: Can't find file '/Game/Assets/Materials/ML_COG_Metal_Base_Light'
[2015.03.30-13.00.55:138][858]LogLinker:Warning: Can't find file for asset '/Game/Assets/Materials/ML_COG_Metal_Base_Light' while loading E:/3D level Design/3D level design assets stuff/1415-3D-Level-Design/Content/props/Assets/Materials/M_COG_Underground_Console_Panel.uasset.
[2015.03.30-13.00.55:139][858]LogLinker:Warning: Can't find file '/Game/Assets/Materials/ML_COG_Shiny_Grey_1'
[2015.03.30-13.00.55:140][858]LogLinker:Warning: Can't find file for asset '/Game/Assets/Materials/ML_COG_Shiny_Grey_1' while loading E:/3D level Design/3D level design assets stuff/1415-3D-Level-Design/Content/props/Assets/Materials/M_COG_Underground_Console_Panel.uasset.
[2015.03.30-13.00.55:141][858]LogLinker:Warning: Can't find file '/Game/Assets/Materials/ML_Metal_Rust'
[2015.03.30-13.00.55:142][858]LogLinker:Warning: Can't find file for asset '/Game/Assets/Materials/ML_Metal_Rust' while loading E:/3D level Design/3D level design assets stuff/1415-3D-Level-Design/Content/props/Assets/Materials/M_COG_Underground_Console_Panel.uasset.
[2015.03.30-13.00.55:142][858]LogLinker:Warning: Can't find file '/Game/Assets/Textures/T_COG_Underground_Console_Panel_Decals'
[2015.03.30-13.00.55:143][858]LogLinker:Warning: Can't find file for asset '/Game/Assets/Textures/T_COG_Underground_Console_Panel_Decals' while loading E:/3D level Design/3D level design assets stuff/1415-3D-Level-Design/Content/props/Assets/Materials/M_COG_Underground_Console_Panel.uasset.
[2015.03.30-13.00.55:143][858]LoadErrors:Error: Error /Game/props/Assets/Materials/M_COG_Underground_Console_Panel : Can't find file for asset. /Game/Assets/Textures/T_COG_Underground_Console_Panel_Decals
[2015.03.30-13.00.55:144][858]LogLinker:Warning: Can't find file '/Game/Assets/Textures/T_COG_Underground_Console_Panel_E'
[2015.03.30-13.00.55:145][858]LogLinker:Warning: Can't find file for asset '/Game/Assets/Textures/T_COG_Underground_Console_Panel_E' while loading E:/3D level Design/3D level design assets stuff/1415-3D-Level-Design/Content/props/Assets/Materials/M_COG_Underground_Console_Panel.uasset.
[2015.03.30-13.00.55:145][858]LoadErrors:Error: Error /Game/props/Assets/Materials/M_COG_Underground_Console_Panel : Can't find file for asset. /Game/Assets/Textures/T_COG_Underground_Console_Panel_E
[2015.03.30-13.00.55:146][858]LogLinker:Warning: Can't find file '/Game/Assets/Textures/T_COG_Underground_Console_Panel_M'
[2015.03.30-13.00.55:146][858]LogLinker:Warning: Can't find file for asset '/Game/Assets/Textures/T_COG_Underground_Console_Panel_M' while loading E:/3D level Design/3D level design assets stuff/1415-3D-Level-Design/Content/props/Assets/Materials/M_COG_Underground_Console_Panel.uasset.
[2015.03.30-13.00.55:146][858]LoadErrors:Error: Error /Game/props/Assets/Materials/M_COG_Underground_Console_Panel : Can't find file for asset. /Game/Assets/Textures/T_COG_Underground_Console_Panel_M
[2015.03.30-13.00.55:147][858]LogLinker:Warning: Can't find file '/Game/Assets/Textures/T_COG_Underground_Console_Panel_N'
[2015.03.30-13.00.55:148][858]LogLinker:Warning: Can't find file for asset '/Game/Assets/Textures/T_COG_Underground_Console_Panel_N' while loading E:/3D level Design/3D level design assets stuff/1415-3D-Level-Design/Content/props/Assets/Materials/M_COG_Underground_Console_Panel.uasset.
[2015.03.30-13.00.55:157][858]LoadErrors:Error: Error /Game/props/Assets/Materials/M_COG_Underground_Console_Panel : Can't find file for asset. /Game/Assets/Textures/T_COG_Underground_Console_Panel_N
[2015.03.30-13.00.55:158][858]LogLinker:Warning: Can't find file '/Game/Assets/Textures/T_COG_Underground_Console_Panel_Decals'
[2015.03.30-13.00.55:159][858]LogLinker:Warning: Can't find file for asset '/Game/Assets/Textures/T_COG_Underground_Console_Panel_Decals' while loading E:/3D level Design/3D level design assets stuff/1415-3D-Level-Design/Content/props/Assets/Materials/M_COG_Underground_Console_Panel.uasset.
[2015.03.30-13.00.55:160][858]LogLinker:Warning: Can't find file '/Game/Assets/Textures/T_COG_Underground_Console_Panel_E'
[2015.03.30-13.00.55:161][858]LogLinker:Warning: Can't find file for asset '/Game/Assets/Textures/T_COG_Underground_Console_Panel_E' while loading E:/3D level Design/3D level design assets stuff/1415-3D-Level-Design/Content/props/Assets/Materials/M_COG_Underground_Console_Panel.uasset.
[2015.03.30-13.00.55:163][858]LogLinker:Warning: Can't find file '/Game/Assets/Textures/T_COG_Underground_Console_Panel_M'
[2015.03.30-13.00.55:163][858]LogLinker:Warning: Can't find file for asset '/Game/Assets/Textures/T_COG_Underground_Console_Panel_M' while loading E:/3D level Design/3D level design assets stuff/1415-3D-Level-Design/Content/props/Assets/Materials/M_COG_Underground_Console_Panel.uasset.
[2015.03.30-13.00.55:164][858]LogLinker:Warning: Can't find file '/Game/Assets/Textures/T_COG_Underground_Console_Panel_N'
[2015.03.30-13.00.55:165][858]LogLinker:Warning: Can't find file for asset '/Game/Assets/Textures/T_COG_Underground_Console_Panel_N' while loading E:/3D level Design/3D level design assets stuff/1415-3D-Level-Design/Content/props/Assets/Materials/M_COG_Underground_Console_Panel.uasset.
[2015.03.30-13.00.55:170][858]LogLinker:Warning: Can't find file '/Game/Assets/Materials/ML_Metal_Rust'
[2015.03.30-13.00.55:170][858]LoadErrors: Info Failed to load /Game/Assets/Materials/ML_Metal_Rust.ML_Metal_Rust Referenced by M_COG_Underground_Console_Panel
[2015.03.30-13.00.55:171][858]LogLinker:Warning: Can't find file for asset '/Game/Assets/Materials/ML_Metal_Rust' while loading NULL.
[2015.03.30-13.00.55:172][858]LogLinker:Warning: Can't find file '/Game/Assets/Materials/ML_COG_Metal_Base_Light'
[2015.03.30-13.00.55:172][858]LoadErrors: Info Failed to load /Game/Assets/Materials/ML_COG_Metal_Base_Light.ML_COG_Metal_Base_Light Referenced by M_COG_Underground_Console_Panel
[2015.03.30-13.00.55:173][858]LogLinker:Warning: Can't find file for asset '/Game/Assets/Materials/ML_COG_Metal_Base_Light' while loading NULL.
[2015.03.30-13.00.55:173][858]LogLinker:Warning: Can't find file '/Game/Assets/Materials/ML_COG_Shiny_Grey_1'
[2015.03.30-13.00.55:174][858]LoadErrors: Info Failed to load /Game/Assets/Materials/ML_COG_Shiny_Grey_1.ML_COG_Shiny_Grey_1 Referenced by M_COG_Underground_Console_Panel
[2015.03.30-13.00.55:174][858]LogLinker:Warning: Can't find file for asset '/Game/Assets/Materials/ML_COG_Shiny_Grey_1' while loading NULL.
[2015.03.30-13.00.55:175][858]LogLinker:Warning: Can't find file '/Game/Assets/Materials/ML_Metal_Rust'
[2015.03.30-13.00.55:175][858]LoadErrors: Info Failed to load /Game/Assets/Materials/ML_Metal_Rust.ML_Metal_Rust Referenced by MaterialExpressionMaterialFunctionCall_111
[2015.03.30-13.00.55:176][858]LogLinker:Warning: Can't find file for asset '/Game/Assets/Materials/ML_Metal_Rust' while loading NULL.
[2015.03.30-13.00.55:177][858]LogLinker:Warning: Can't find file '/Game/Assets/Materials/ML_COG_Metal_Base_Light'
[2015.03.30-13.00.55:177][858]LoadErrors: Info Failed to load /Game/Assets/Materials/ML_COG_Metal_Base_Light.ML_COG_Metal_Base_Light Referenced by MaterialExpressionMaterialFunctionCall_23
[2015.03.30-13.00.55:178][858]LogLinker:Warning: Can't find file for asset '/Game/Assets/Materials/ML_COG_Metal_Base_Light' while loading NULL.
[2015.03.30-13.00.55:178][858]LogLinker:Warning: Can't find file '/Game/Assets/Materials/ML_COG_Shiny_Grey_1'
[2015.03.30-13.00.55:188][858]LoadErrors: Info Failed to load /Game/Assets/Materials/ML_COG_Shiny_Grey_1.ML_COG_Shiny_Grey_1 Referenced by MaterialExpressionMaterialFunctionCall_98
[2015.03.30-13.00.55:189][858]LogLinker:Warning: Can't find file for asset '/Game/Assets/Materials/ML_COG_Shiny_Grey_1' while loading NULL.
[2015.03.30-13.00.55:190][858]LogLinker:Warning: Can't find file '/Game/Assets/Textures/T_COG_Underground_Console_Panel_Decals'
[2015.03.30-13.00.55:190][858]LoadErrors: Info Failed to load /Game/Assets/Textures/T_COG_Underground_Console_Panel_Decals.T_COG_Underground_Console_Panel_Decals Referenced by MaterialExpressionTextureObject_0
[2015.03.30-13.00.55:192][858]LogLinker:Warning: Can't find file for asset '/Game/Assets/Textures/T_COG_Underground_Console_Panel_Decals' while loading NULL.
[2015.03.30-13.00.55:193][858]LogLinker:Warning: Can't find file '/Game/Assets/Textures/T_COG_Underground_Console_Panel_N'
[2015.03.30-13.00.55:193][858]LoadErrors: Info Failed to load /Game/Assets/Textures/T_COG_Underground_Console_Panel_N.T_COG_Underground_Console_Panel_N Referenced by MaterialExpressionTextureSample_0
[2015.03.30-13.00.55:194][858]LogLinker:Warning: Can't find file for asset '/Game/Assets/Textures/T_COG_Underground_Console_Panel_N' while loading NULL.
[2015.03.30-13.00.55:195][858]LogLinker:Warning: Can't find file '/Game/Assets/Textures/T_COG_Underground_Console_Panel_E'
[2015.03.30-13.00.55:195][858]LoadErrors: Info Failed to load /Game/Assets/Textures/T_COG_Underground_Console_Panel_E.T_COG_Underground_Console_Panel_E Referenced by MaterialExpressionTextureSample_15
[2015.03.30-13.00.55:196][858]LogLinker:Warning: Can't find file for asset '/Game/Assets/Textures/T_COG_Underground_Console_Panel_E' while loading NULL.
[2015.03.30-13.00.55:197][858]LogLinker:Warning: Can't find file '/Game/Assets/Textures/T_COG_Underground_Console_Panel_M'
[2015.03.30-13.00.55:197][858]LoadErrors: Info Failed to load /Game/Assets/Textures/T_COG_Underground_Console_Panel_M.T_COG_Underground_Console_Panel_M Referenced by MaterialExpressionTextureSample_2
[2015.03.30-13.00.55:197][858]LogLinker:Warning: Can't find file for asset '/Game/Assets/Textures/T_COG_Underground_Console_Panel_M' while loading NULL.
[2015.03.30-13.00.55:200][858]LogMaterial: Missing cached shader map for material M_COG_Underground_Console_Panel, compiling. 
[2015.03.30-13.00.55:236][858]LogMaterial:Warning: Failed to compile Material /Game/props/Assets/Materials/M_COG_Underground_Console_Panel.M_COG_Underground_Console_Panel for platform PCD3D_SM5, Default Material will be used in game.
[2015.03.30-13.00.55:236][858]LogMaterial:Warning: 	(Node TextureSample) TextureSample> Missing input texture
[2015.03.30-13.00.55:236][858]LogMaterial:Warning: 	Missing Material Function
[2015.03.30-13.00.55:236][858]LogMaterial:Warning: 	Function MatLayerBlend_Standard: (Node MakeMaterialAttributes) Error on property Normal
[2015.03.30-13.00.55:236][858]LogMaterial:Warning: 	(Node TextureObject) Texture Object> Requires valid texture
[2015.03.30-13.00.55:236][858]LogMaterial:Warning: 	Function MatLayerBlend_Decal_UV3: (Node MakeMaterialAttributes) Error on property Normal
[2015.03.30-13.00.55:236][858]LogMaterial:Warning: 	Function MatLayerBlend_Standard: Missing Material Function
[2015.03.30-13.00.55:236][858]LogMaterial:Warning: 	Function MatLayerBlend_Standard: (Node TextureSample) TextureSample> Missing input texture
[2015.03.30-13.00.55:236][858]LogMaterial:Warning: 	Function MatLayerBlend_BakedNormal: (Node MakeMaterialAttributes) Error on property Normal
[2015.03.30-13.00.55:236][858]LogMaterial:Warning: 	Function MatLayerBlend_Standard: (Node MakeMaterialAttributes) Error on property Metallic
[2015.03.30-13.00.55:236][858]LogMaterial:Warning: 	Function MatLayerBlend_Decal_UV3: (Node MakeMaterialAttributes) Error on property Metallic
[2015.03.30-13.00.55:236][858]LogMaterial:Warning: 	Function MatLayerBlend_Standard: (Node MakeMaterialAttributes) Error on property BaseColor
[2015.03.30-13.00.55:245][858]LogMaterial:Warning: 	Function MatLayerBlend_Decal_UV3: (Node MakeMaterialAttributes) Error on property BaseColor
[2015.03.30-13.00.55:245][858]LogMaterial:Warning: 	Function MatLayerBlend_AO: (Node MakeMaterialAttributes) Error on property BaseColor
[2015.03.30-13.00.55:245][858]LogMaterial:Warning: 	Function MatLayerBlend_Standard: (Node MakeMaterialAttributes) Error on property Roughness
[2015.03.30-13.00.55:245][858]LogMaterial:Warning: 	Function MatLayerBlend_Decal_UV3: (Node MakeMaterialAttributes) Error on property Roughness
[2015.03.30-13.00.55:267][858]LogLinker:Warning: Can't find file '/Game/Assets/Textures/T_PaintedMetal01_D'
[2015.03.30-13.00.55:268][858]LogLinker:Warning: Can't find file for asset '/Game/Assets/Textures/T_PaintedMetal01_D' while loading E:/3D level Design/3D level design assets stuff/1415-3D-Level-Design/Content/props/Assets/Materials/ML_COG_Metal_Base_Light.uasset.
[2015.03.30-13.00.55:269][858]LoadErrors:Error: Error /Game/props/Assets/Materials/ML_COG_Metal_Base_Light : Can't find file for asset. /Game/Assets/Textures/T_PaintedMetal01_D
[2015.03.30-13.00.55:269][858]LogLinker:Warning: Can't find file '/Game/Assets/Textures/T_PaintedMetal01_N'
[2015.03.30-13.00.55:270][858]LogLinker:Warning: Can't find file for asset '/Game/Assets/Textures/T_PaintedMetal01_N' while loading E:/3D level Design/3D level design assets stuff/1415-3D-Level-Design/Content/props/Assets/Materials/ML_COG_Metal_Base_Light.uasset.
[2015.03.30-13.00.55:270][858]LoadErrors:Error: Error /Game/props/Assets/Materials/ML_COG_Metal_Base_Light : Can't find file for asset. /Game/Assets/Textures/T_PaintedMetal01_N
[2015.03.30-13.00.55:271][858]LogLinker:Warning: Can't find file '/Game/Assets/Textures/T_PaintedMetal01_D'
[2015.03.30-13.00.55:272][858]LogLinker:Warning: Can't find file for asset '/Game/Assets/Textures/T_PaintedMetal01_D' while loading E:/3D level Design/3D level design assets stuff/1415-3D-Level-Design/Content/props/Assets/Materials/ML_COG_Metal_Base_Light.uasset.
[2015.03.30-13.00.55:273][858]LogLinker:Warning: Can't find file '/Game/Assets/Textures/T_PaintedMetal01_N'
[2015.03.30-13.00.55:273][858]LogLinker:Warning: Can't find file for asset '/Game/Assets/Textures/T_PaintedMetal01_N' while loading E:/3D level Design/3D level design assets stuff/1415-3D-Level-Design/Content/props/Assets/Materials/ML_COG_Metal_Base_Light.uasset.
[2015.03.30-13.00.55:276][858]LogLinker:Warning: Can't find file '/Game/Assets/Textures/T_PaintedMetal01_D'
[2015.03.30-13.00.55:276][858]LoadErrors: Info Failed to load /Game/Assets/Textures/T_PaintedMetal01_D.T_PaintedMetal01_D Referenced by MaterialExpressionTextureSample_2
[2015.03.30-13.00.55:276][858]LogLinker:Warning: Can't find file for asset '/Game/Assets/Textures/T_PaintedMetal01_D' while loading NULL.
[2015.03.30-13.00.55:277][858]LogLinker:Warning: Can't find file '/Game/Assets/Textures/T_PaintedMetal01_N'
[2015.03.30-13.00.55:277][858]LoadErrors: Info Failed to load /Game/Assets/Textures/T_PaintedMetal01_N.T_PaintedMetal01_N Referenced by MaterialExpressionTextureSample_3
[2015.03.30-13.00.55:278][858]LogLinker:Warning: Can't find file for asset '/Game/Assets/Textures/T_PaintedMetal01_N' while loading NULL.
[2015.03.30-13.00.55:291][858]LogLinker:Warning: Can't find file '/Game/Assets/Textures/T_Metal_Metal03_D'
[2015.03.30-13.00.55:292][858]LogLinker:Warning: Can't find file for asset '/Game/Assets/Textures/T_Metal_Metal03_D' while loading E:/3D level Design/3D level design assets stuff/1415-3D-Level-Design/Content/props/Assets/Materials/ML_COG_Shiny_Grey_1.uasset.
[2015.03.30-13.00.55:292][858]LoadErrors:Error: Error /Game/props/Assets/Materials/ML_COG_Shiny_Grey_1 : Can't find file for asset. /Game/Assets/Textures/T_Metal_Metal03_D
[2015.03.30-13.00.55:293][858]LogLinker:Warning: Can't find file '/Game/Assets/Textures/T_Metal_Metal03_N'
[2015.03.30-13.00.55:293][858]LogLinker:Warning: Can't find file for asset '/Game/Assets/Textures/T_Metal_Metal03_N' while loading E:/3D level Design/3D level design assets stuff/1415-3D-Level-Design/Content/props/Assets/Materials/ML_COG_Shiny_Grey_1.uasset.
[2015.03.30-13.00.55:304][858]LoadErrors:Error: Error /Game/props/Assets/Materials/ML_COG_Shiny_Grey_1 : Can't find file for asset. /Game/Assets/Textures/T_Metal_Metal03_N
[2015.03.30-13.00.55:306][858]LogLinker:Warning: Can't find file '/Game/Assets/Textures/T_Metal_Metal03_D'
[2015.03.30-13.00.55:307][858]LogLinker:Warning: Can't find file for asset '/Game/Assets/Textures/T_Metal_Metal03_D' while loading E:/3D level Design/3D level design assets stuff/1415-3D-Level-Design/Content/props/Assets/Materials/ML_COG_Shiny_Grey_1.uasset.
[2015.03.30-13.00.55:308][858]LogLinker:Warning: Can't find file '/Game/Assets/Textures/T_Metal_Metal03_N'
[2015.03.30-13.00.55:308][858]LogLinker:Warning: Can't find file for asset '/Game/Assets/Textures/T_Metal_Metal03_N' while loading E:/3D level Design/3D level design assets stuff/1415-3D-Level-Design/Content/props/Assets/Materials/ML_COG_Shiny_Grey_1.uasset.
[2015.03.30-13.00.55:311][858]LogLinker:Warning: Can't find file '/Game/Assets/Textures/T_Metal_Metal03_D'
[2015.03.30-13.00.55:312][858]LoadErrors: Info Failed to load /Game/Assets/Textures/T_Metal_Metal03_D.T_Metal_Metal03_D Referenced by MaterialExpressionTextureSample_0
[2015.03.30-13.00.55:312][858]LogLinker:Warning: Can't find file for asset '/Game/Assets/Textures/T_Metal_Metal03_D' while loading NULL.
[2015.03.30-13.00.55:313][858]LogLinker:Warning: Can't find file '/Game/Assets/Textures/T_Metal_Metal03_N'
[2015.03.30-13.00.55:314][858]LoadErrors: Info Failed to load /Game/Assets/Textures/T_Metal_Metal03_N.T_Metal_Metal03_N Referenced by MaterialExpressionTextureSample_1
[2015.03.30-13.00.55:314][858]LogLinker:Warning: Can't find file for asset '/Game/Assets/Textures/T_Metal_Metal03_N' while loading NULL.
[2015.03.30-13.00.55:329][858]LogLinker:Warning: Can't find file '/Game/Assets/Textures/T_COG_Metal_Rust_03_D'
[2015.03.30-13.00.55:329][858]LogLinker:Warning: Can't find file for asset '/Game/Assets/Textures/T_COG_Metal_Rust_03_D' while loading E:/3D level Design/3D level design assets stuff/1415-3D-Level-Design/Content/props/Assets/Materials/ML_Metal_Rust.uasset.
[2015.03.30-13.00.55:329][858]LoadErrors:Error: Error /Game/props/Assets/Materials/ML_Metal_Rust : Can't find file for asset. /Game/Assets/Textures/T_COG_Metal_Rust_03_D
[2015.03.30-13.00.55:330][858]LogLinker:Warning: Can't find file '/Game/Assets/Textures/T_COG_Metal_Rust_03_N'
[2015.03.30-13.00.55:331][858]LogLinker:Warning: Can't find file for asset '/Game/Assets/Textures/T_COG_Metal_Rust_03_N' while loading E:/3D level Design/3D level design assets stuff/1415-3D-Level-Design/Content/props/Assets/Materials/ML_Metal_Rust.uasset.
[2015.03.30-13.00.55:331][858]LoadErrors:Error: Error /Game/props/Assets/Materials/ML_Metal_Rust : Can't find file for asset. /Game/Assets/Textures/T_COG_Metal_Rust_03_N
[2015.03.30-13.00.55:331][858]LogLinker:Warning: Can't find file '/Game/Assets/Textures/T_COG_Metal_Rust_03_D'
[2015.03.30-13.00.55:332][858]LogLinker:Warning: Can't find file for asset '/Game/Assets/Textures/T_COG_Metal_Rust_03_D' while loading E:/3D level Design/3D level design assets stuff/1415-3D-Level-Design/Content/props/Assets/Materials/ML_Metal_Rust.uasset.
[2015.03.30-13.00.55:333][858]LogLinker:Warning: Can't find file '/Game/Assets/Textures/T_COG_Metal_Rust_03_N'
[2015.03.30-13.00.55:333][858]LogLinker:Warning: Can't find file for asset '/Game/Assets/Textures/T_COG_Metal_Rust_03_N' while loading E:/3D level Design/3D level design assets stuff/1415-3D-Level-Design/Content/props/Assets/Materials/ML_Metal_Rust.uasset.
[2015.03.30-13.00.55:336][858]LogLinker:Warning: Can't find file '/Game/Assets/Textures/T_COG_Metal_Rust_03_D'
[2015.03.30-13.00.55:336][858]LoadErrors: Info Failed to load /Game/Assets/Textures/T_COG_Metal_Rust_03_D.T_COG_Metal_Rust_03_D Referenced by MaterialExpressionTextureSample_2
[2015.03.30-13.00.55:337][858]LogLinker:Warning: Can't find file for asset '/Game/Assets/Textures/T_COG_Metal_Rust_03_D' while loading NULL.
[2015.03.30-13.00.55:338][858]LogLinker:Warning: Can't find file '/Game/Assets/Textures/T_COG_Metal_Rust_03_N'
[2015.03.30-13.00.55:347][858]LoadErrors: Info Failed to load /Game/Assets/Textures/T_COG_Metal_Rust_03_N.T_COG_Metal_Rust_03_N Referenced by MaterialExpressionTextureSample_3
[2015.03.30-13.00.55:348][858]LogLinker:Warning: Can't find file for asset '/Game/Assets/Textures/T_COG_Metal_Rust_03_N' while loading NULL.
[2015.03.30-13.00.55:364][858]LogLinker:Warning: Can't find file '/Game/Assets/Materials/ML_COG_Metal_Base_Light'
[2015.03.30-13.00.55:364][858]LogLinker:Warning: Can't find file for asset '/Game/Assets/Materials/ML_COG_Metal_Base_Light' while loading E:/3D level Design/3D level design assets stuff/1415-3D-Level-Design/Content/props/Assets/Materials/M_COG_Underground_Console_Panel_Bits.uasset.
[2015.03.30-13.00.55:364][858]LoadErrors:Error: Error /Game/props/Assets/Materials/M_COG_Underground_Console_Panel_Bits : Can't find file for asset. /Game/Assets/Materials/ML_COG_Metal_Base_Light
[2015.03.30-13.00.55:365][858]LogLinker:Warning: Can't find file '/Game/Assets/Materials/ML_YellowMetal_Painted'
[2015.03.30-13.00.55:366][858]LogLinker:Warning: Can't find file for asset '/Game/Assets/Materials/ML_YellowMetal_Painted' while loading E:/3D level Design/3D level design assets stuff/1415-3D-Level-Design/Content/props/Assets/Materials/M_COG_Underground_Console_Panel_Bits.uasset.
[2015.03.30-13.00.55:366][858]LoadErrors:Error: Error /Game/props/Assets/Materials/M_COG_Underground_Console_Panel_Bits : Can't find file for asset. /Game/Assets/Materials/ML_YellowMetal_Painted
[2015.03.30-13.00.55:367][858]LogLinker:Warning: Can't find file '/Game/Assets/Materials/ML_COG_Metal_Base_Light'
[2015.03.30-13.00.55:368][858]LogLinker:Warning: Can't find file for asset '/Game/Assets/Materials/ML_COG_Metal_Base_Light' while loading E:/3D level Design/3D level design assets stuff/1415-3D-Level-Design/Content/props/Assets/Materials/M_COG_Underground_Console_Panel_Bits.uasset.
[2015.03.30-13.00.55:369][858]LogLinker:Warning: Can't find file '/Game/Assets/Materials/ML_YellowMetal_Painted'
[2015.03.30-13.00.55:370][858]LogLinker:Warning: Can't find file for asset '/Game/Assets/Materials/ML_YellowMetal_Painted' while loading E:/3D level Design/3D level design assets stuff/1415-3D-Level-Design/Content/props/Assets/Materials/M_COG_Underground_Console_Panel_Bits.uasset.
[2015.03.30-13.00.55:370][858]LogLinker:Warning: Can't find file '/Game/Assets/Textures/T_COG_Underground_Console_Panel_Bits_M'
[2015.03.30-13.00.55:371][858]LogLinker:Warning: Can't find file for asset '/Game/Assets/Textures/T_COG_Underground_Console_Panel_Bits_M' while loading E:/3D level Design/3D level design assets stuff/1415-3D-Level-Design/Content/props/Assets/Materials/M_COG_Underground_Console_Panel_Bits.uasset.
[2015.03.30-13.00.55:371][858]LoadErrors:Error: Error /Game/props/Assets/Materials/M_COG_Underground_Console_Panel_Bits : Can't find file for asset. /Game/Assets/Textures/T_COG_Underground_Console_Panel_Bits_M
[2015.03.30-13.00.55:372][858]LogLinker:Warning: Can't find file '/Game/Assets/Textures/T_COG_Underground_Console_Panel_Bits_N'
[2015.03.30-13.00.55:372][858]LogLinker:Warning: Can't find file for asset '/Game/Assets/Textures/T_COG_Underground_Console_Panel_Bits_N' while loading E:/3D level Design/3D level design assets stuff/1415-3D-Level-Design/Content/props/Assets/Materials/M_COG_Underground_Console_Panel_Bits.uasset.
[2015.03.30-13.00.55:372][858]LoadErrors:Error: Error /Game/props/Assets/Materials/M_COG_Underground_Console_Panel_Bits : Can't find file for asset. /Game/Assets/Textures/T_COG_Underground_Console_Panel_Bits_N
[2015.03.30-13.00.55:373][858]LogLinker:Warning: Can't find file '/Game/Assets/Textures/T_COG_Underground_Console_Panel_Bits_M'
[2015.03.30-13.00.55:374][858]LogLinker:Warning: Can't find file for asset '/Game/Assets/Textures/T_COG_Underground_Console_Panel_Bits_M' while loading E:/3D level Design/3D level design assets stuff/1415-3D-Level-Design/Content/props/Assets/Materials/M_COG_Underground_Console_Panel_Bits.uasset.
[2015.03.30-13.00.55:384][858]LogLinker:Warning: Can't find file '/Game/Assets/Textures/T_COG_Underground_Console_Panel_Bits_N'
[2015.03.30-13.00.55:385][858]LogLinker:Warning: Can't find file for asset '/Game/Assets/Textures/T_COG_Underground_Console_Panel_Bits_N' while loading E:/3D level Design/3D level design assets stuff/1415-3D-Level-Design/Content/props/Assets/Materials/M_COG_Underground_Console_Panel_Bits.uasset.
[2015.03.30-13.00.55:387][858]LogLinker:Warning: Can't find file '/Game/Assets/Materials/ML_COG_Metal_Base_Light'
[2015.03.30-13.00.55:387][858]LoadErrors: Info Failed to load /Game/Assets/Materials/ML_COG_Metal_Base_Light.ML_COG_Metal_Base_Light Referenced by M_COG_Underground_Console_Panel_Bits
[2015.03.30-13.00.55:388][858]LogLinker:Warning: Can't find file for asset '/Game/Assets/Materials/ML_COG_Metal_Base_Light' while loading NULL.
[2015.03.30-13.00.55:389][858]LogLinker:Warning: Can't find file '/Game/Assets/Materials/ML_YellowMetal_Painted'
[2015.03.30-13.00.55:389][858]LoadErrors: Info Failed to load /Game/Assets/Materials/ML_YellowMetal_Painted.ML_YellowMetal_Painted Referenced by M_COG_Underground_Console_Panel_Bits
[2015.03.30-13.00.55:390][858]LogLinker:Warning: Can't find file for asset '/Game/Assets/Materials/ML_YellowMetal_Painted' while loading NULL.
[2015.03.30-13.00.55:391][858]LogLinker:Warning: Can't find file '/Game/Assets/Materials/ML_COG_Metal_Base_Light'
[2015.03.30-13.00.55:392][858]LogLinker:Warning: Can't find file for asset '/Game/Assets/Materials/ML_COG_Metal_Base_Light' while loading NULL.
[2015.03.30-13.00.55:393][858]LogLinker:Warning: Can't find file '/Game/Assets/Materials/ML_COG_Metal_Base_Light'
[2015.03.30-13.00.55:393][858]LoadErrors: Info Failed to load /Game/Assets/Materials/ML_COG_Metal_Base_Light.ML_COG_Metal_Base_Light Referenced by MaterialExpressionMaterialFunctionCall_25
[2015.03.30-13.00.55:394][858]LogLinker:Warning: Can't find file for asset '/Game/Assets/Materials/ML_COG_Metal_Base_Light' while loading NULL.
[2015.03.30-13.00.55:395][858]LogLinker:Warning: Can't find file '/Game/Assets/Materials/ML_COG_Metal_Base_Light'
[2015.03.30-13.00.55:395][858]LoadErrors: Info Failed to load /Game/Assets/Materials/ML_COG_Metal_Base_Light.ML_COG_Metal_Base_Light Referenced by MaterialExpressionMaterialFunctionCall_26
[2015.03.30-13.00.55:396][858]LogLinker:Warning: Can't find file for asset '/Game/Assets/Materials/ML_COG_Metal_Base_Light' while loading NULL.
[2015.03.30-13.00.55:397][858]LogLinker:Warning: Can't find file '/Game/Assets/Materials/ML_YellowMetal_Painted'
[2015.03.30-13.00.55:397][858]LoadErrors: Info Failed to load /Game/Assets/Materials/ML_YellowMetal_Painted.ML_YellowMetal_Painted Referenced by MaterialExpressionMaterialFunctionCall_7
[2015.03.30-13.00.55:398][858]LogLinker:Warning: Can't find file for asset '/Game/Assets/Materials/ML_YellowMetal_Painted' while loading NULL.
[2015.03.30-13.00.55:399][858]LogLinker:Warning: Can't find file '/Game/Assets/Textures/T_COG_Underground_Console_Panel_Bits_M'
[2015.03.30-13.00.55:399][858]LoadErrors: Info Failed to load /Game/Assets/Textures/T_COG_Underground_Console_Panel_Bits_M.T_COG_Underground_Console_Panel_Bits_M Referenced by MaterialExpressionTextureSample_2
[2015.03.30-13.00.55:400][858]LogLinker:Warning: Can't find file for asset '/Game/Assets/Textures/T_COG_Underground_Console_Panel_Bits_M' while loading NULL.
[2015.03.30-13.00.55:400][858]LogLinker:Warning: Can't find file '/Game/Assets/Textures/T_COG_Underground_Console_Panel_Bits_N'
[2015.03.30-13.00.55:401][858]LoadErrors: Info Failed to load /Game/Assets/Textures/T_COG_Underground_Console_Panel_Bits_N.T_COG_Underground_Console_Panel_Bits_N Referenced by MaterialExpressionTextureSample_3
[2015.03.30-13.00.55:401][858]LogLinker:Warning: Can't find file for asset '/Game/Assets/Textures/T_COG_Underground_Console_Panel_Bits_N' while loading NULL.
[2015.03.30-13.00.55:403][858]LogMaterial: Missing cached shader map for material M_COG_Underground_Console_Panel_Bits, compiling. 
[2015.03.30-13.00.55:404][858]LogMaterial:Warning: Failed to compile Material /Game/props/Assets/Materials/M_COG_Underground_Console_Panel_Bits.M_COG_Underground_Console_Panel_Bits for platform PCD3D_SM5, Default Material will be used in game.
[2015.03.30-13.00.55:413][858]LogMaterial:Warning: 	(Node TextureSample) TextureSample> Missing input texture
[2015.03.30-13.00.55:413][858]LogMaterial:Warning: 	Missing Material Function
[2015.03.30-13.00.55:413][858]LogMaterial:Warning: 	Function MatLayerBlend_Standard: (Node MakeMaterialAttributes) Error on property Normal
[2015.03.30-13.00.55:413][858]LogMaterial:Warning: 	Function MatLayerBlend_Standard: Missing Material Function
[2015.03.30-13.00.55:413][858]LogMaterial:Warning: 	Function MatLayerBlend_Standard: (Node TextureSample) TextureSample> Missing input texture
[2015.03.30-13.00.55:413][858]LogMaterial:Warning: 	Function MatLayerBlend_BakedNormal: (Node MakeMaterialAttributes) Error on property Normal
[2015.03.30-13.00.55:413][858]LogMaterial:Warning: 	Function MatLayerBlend_Standard: (Node MakeMaterialAttributes) Error on property Metallic
[2015.03.30-13.00.55:413][858]LogMaterial:Warning: 	Function MatLayerBlend_Standard: (Node MakeMaterialAttributes) Error on property BaseColor
[2015.03.30-13.00.55:413][858]LogMaterial:Warning: 	Function MatLayerBlend_AO: (Node MakeMaterialAttributes) Error on property BaseColor
[2015.03.30-13.00.55:413][858]LogMaterial:Warning: 	Function MatLayerBlend_Standard: (Node MakeMaterialAttributes) Error on property Roughness
[2015.03.30-13.00.55:427][858]LogLinker:Warning: Can't find file '/Game/Assets/Textures/T_Metal_Metal03_D'
[2015.03.30-13.00.55:428][858]LogLinker:Warning: Can't find file for asset '/Game/Assets/Textures/T_Metal_Metal03_D' while loading E:/3D level Design/3D level design assets stuff/1415-3D-Level-Design/Content/props/Assets/Materials/ML_YellowMetal_Painted.uasset.
[2015.03.30-13.00.55:428][858]LoadErrors:Error: Error /Game/props/Assets/Materials/ML_YellowMetal_Painted : Can't find file for asset. /Game/Assets/Textures/T_Metal_Metal03_D
[2015.03.30-13.00.55:429][858]LogLinker:Warning: Can't find file '/Game/Assets/Textures/T_Metal_Metal03_N'
[2015.03.30-13.00.55:430][858]LogLinker:Warning: Can't find file for asset '/Game/Assets/Textures/T_Metal_Metal03_N' while loading E:/3D level Design/3D level design assets stuff/1415-3D-Level-Design/Content/props/Assets/Materials/ML_YellowMetal_Painted.uasset.
[2015.03.30-13.00.55:430][858]LoadErrors:Error: Error /Game/props/Assets/Materials/ML_YellowMetal_Painted : Can't find file for asset. /Game/Assets/Textures/T_Metal_Metal03_N
[2015.03.30-13.00.55:431][858]LogLinker:Warning: Can't find file '/Game/Assets/Textures/T_Metal_Metal03_D'
[2015.03.30-13.00.55:431][858]LogLinker:Warning: Can't find file for asset '/Game/Assets/Textures/T_Metal_Metal03_D' while loading E:/3D level Design/3D level design assets stuff/1415-3D-Level-Design/Content/props/Assets/Materials/ML_YellowMetal_Painted.uasset.
[2015.03.30-13.00.55:432][858]LogLinker:Warning: Can't find file '/Game/Assets/Textures/T_Metal_Metal03_N'
[2015.03.30-13.00.55:433][858]LogLinker:Warning: Can't find file for asset '/Game/Assets/Textures/T_Metal_Metal03_N' while loading E:/3D level Design/3D level design assets stuff/1415-3D-Level-Design/Content/props/Assets/Materials/ML_YellowMetal_Painted.uasset.
[2015.03.30-13.00.55:435][858]LogLinker:Warning: Can't find file '/Game/Assets/Textures/T_Metal_Metal03_D'
[2015.03.30-13.00.55:435][858]LoadErrors: Info Failed to load /Game/Assets/Textures/T_Metal_Metal03_D.T_Metal_Metal03_D Referenced by MaterialExpressionTextureSample_2
[2015.03.30-13.00.55:436][858]LogLinker:Warning: Can't find file for asset '/Game/Assets/Textures/T_Metal_Metal03_D' while loading NULL.
[2015.03.30-13.00.55:437][858]LogLinker:Warning: Can't find file '/Game/Assets/Textures/T_Metal_Metal03_N'
[2015.03.30-13.00.55:437][858]LoadErrors: Info Failed to load /Game/Assets/Textures/T_Metal_Metal03_N.T_Metal_Metal03_N Referenced by MaterialExpressionTextureSample_3
[2015.03.30-13.00.55:437][858]LogLinker:Warning: Can't find file for asset '/Game/Assets/Textures/T_Metal_Metal03_N' while loading NULL.
[2015.03.30-13.00.55:465][858]LogLinker:Warning: Can't find file '/Game/Assets/Materials/ML_HOLO_Noise'
[2015.03.30-13.00.55:466][858]LogLinker:Warning: Can't find file for asset '/Game/Assets/Materials/ML_HOLO_Noise' while loading E:/3D level Design/3D level design assets stuff/1415-3D-Level-Design/Content/props/Assets/Materials/M_Underground_Monitor_Blank.uasset.
[2015.03.30-13.00.55:466][858]LoadErrors:Error: Error /Game/props/Assets/Materials/M_Underground_Monitor_Blank : Can't find file for asset. /Game/Assets/Materials/ML_HOLO_Noise
[2015.03.30-13.00.55:466][858]LogLinker:Warning: Can't find file '/Game/Assets/Materials/ML_HOLO_Noise'
[2015.03.30-13.00.55:467][858]LogLinker:Warning: Can't find file for asset '/Game/Assets/Materials/ML_HOLO_Noise' while loading E:/3D level Design/3D level design assets stuff/1415-3D-Level-Design/Content/props/Assets/Materials/M_Underground_Monitor_Blank.uasset.
[2015.03.30-13.00.55:468][858]LogLinker:Warning: Can't find file '/Game/Assets/Textures/T_Grime_Lines_M'
[2015.03.30-13.00.55:469][858]LogLinker:Warning: Can't find file for asset '/Game/Assets/Textures/T_Grime_Lines_M' while loading E:/3D level Design/3D level design assets stuff/1415-3D-Level-Design/Content/props/Assets/Materials/M_Underground_Monitor_Blank.uasset.
[2015.03.30-13.00.55:469][858]LoadErrors:Error: Error /Game/props/Assets/Materials/M_Underground_Monitor_Blank : Can't find file for asset. /Game/Assets/Textures/T_Grime_Lines_M
[2015.03.30-13.00.55:469][858]LogLinker:Warning: Can't find file '/Game/Assets/Textures/T_Monitor_Screen_M'
[2015.03.30-13.00.55:470][858]LogLinker:Warning: Can't find file for asset '/Game/Assets/Textures/T_Monitor_Screen_M' while loading E:/3D level Design/3D level design assets stuff/1415-3D-Level-Design/Content/props/Assets/Materials/M_Underground_Monitor_Blank.uasset.
[2015.03.30-13.00.55:470][858]LoadErrors:Error: Error /Game/props/Assets/Materials/M_Underground_Monitor_Blank : Can't find file for asset. /Game/Assets/Textures/T_Monitor_Screen_M
[2015.03.30-13.00.55:471][858]LogLinker:Warning: Can't find file '/Game/Assets/Textures/T_Plank_1_by_1_N'
[2015.03.30-13.00.55:471][858]LogLinker:Warning: Can't find file for asset '/Game/Assets/Textures/T_Plank_1_by_1_N' while loading E:/3D level Design/3D level design assets stuff/1415-3D-Level-Design/Content/props/Assets/Materials/M_Underground_Monitor_Blank.uasset.
[2015.03.30-13.00.55:472][858]LoadErrors:Error: Error /Game/props/Assets/Materials/M_Underground_Monitor_Blank : Can't find file for asset. /Game/Assets/Textures/T_Plank_1_by_1_N
[2015.03.30-13.00.55:472][858]LogLinker:Warning: Can't find file '/Game/Assets/Textures/T_PositionalNoise_D'
[2015.03.30-13.00.55:473][858]LogLinker:Warning: Can't find file for asset '/Game/Assets/Textures/T_PositionalNoise_D' while loading E:/3D level Design/3D level design assets stuff/1415-3D-Level-Design/Content/props/Assets/Materials/M_Underground_Monitor_Blank.uasset.
[2015.03.30-13.00.55:473][858]LoadErrors:Error: Error /Game/props/Assets/Materials/M_Underground_Monitor_Blank : Can't find file for asset. /Game/Assets/Textures/T_PositionalNoise_D
[2015.03.30-13.00.55:474][858]LogLinker:Warning: Can't find file '/Game/Assets/Textures/T_Grime_Lines_M'
[2015.03.30-13.00.55:474][858]LogLinker:Warning: Can't find file for asset '/Game/Assets/Textures/T_Grime_Lines_M' while loading E:/3D level Design/3D level design assets stuff/1415-3D-Level-Design/Content/props/Assets/Materials/M_Underground_Monitor_Blank.uasset.
[2015.03.30-13.00.55:475][858]LogLinker:Warning: Can't find file '/Game/Assets/Textures/T_Monitor_Screen_M'
[2015.03.30-13.00.55:476][858]LogLinker:Warning: Can't find file for asset '/Game/Assets/Textures/T_Monitor_Screen_M' while loading E:/3D level Design/3D level design assets stuff/1415-3D-Level-Design/Content/props/Assets/Materials/M_Underground_Monitor_Blank.uasset.
[2015.03.30-13.00.55:477][858]LogLinker:Warning: Can't find file '/Game/Assets/Textures/T_Plank_1_by_1_N'
[2015.03.30-13.00.55:477][858]LogLinker:Warning: Can't find file for asset '/Game/Assets/Textures/T_Plank_1_by_1_N' while loading E:/3D level Design/3D level design assets stuff/1415-3D-Level-Design/Content/props/Assets/Materials/M_Underground_Monitor_Blank.uasset.
[2015.03.30-13.00.55:487][858]LogLinker:Warning: Can't find file '/Game/Assets/Textures/T_PositionalNoise_D'
[2015.03.30-13.00.55:487][858]LogLinker:Warning: Can't find file for asset '/Game/Assets/Textures/T_PositionalNoise_D' while loading E:/3D level Design/3D level design assets stuff/1415-3D-Level-Design/Content/props/Assets/Materials/M_Underground_Monitor_Blank.uasset.
[2015.03.30-13.00.55:491][858]LogLinker:Warning: Can't find file '/Game/Assets/Materials/ML_HOLO_Noise'
[2015.03.30-13.00.55:491][858]LoadErrors: Info Failed to load /Game/Assets/Materials/ML_HOLO_Noise.ML_HOLO_Noise Referenced by M_Underground_Monitor_Blank
[2015.03.30-13.00.55:492][858]LogLinker:Warning: Can't find file for asset '/Game/Assets/Materials/ML_HOLO_Noise' while loading NULL.
[2015.03.30-13.00.55:493][858]LogLinker:Warning: Can't find file '/Game/Assets/Textures/T_Plank_1_by_1_N'
[2015.03.30-13.00.55:493][858]LoadErrors: Info Failed to load /Game/Assets/Textures/T_Plank_1_by_1_N.T_Plank_1_by_1_N Referenced by M_Underground_Monitor_Blank
[2015.03.30-13.00.55:494][858]LogLinker:Warning: Can't find file for asset '/Game/Assets/Textures/T_Plank_1_by_1_N' while loading NULL.
[2015.03.30-13.00.55:495][858]LogLinker:Warning: Can't find file '/Game/Assets/Textures/T_PositionalNoise_D'
[2015.03.30-13.00.55:495][858]LoadErrors: Info Failed to load /Game/Assets/Textures/T_PositionalNoise_D.T_PositionalNoise_D Referenced by M_Underground_Monitor_Blank
[2015.03.30-13.00.55:496][858]LogLinker:Warning: Can't find file for asset '/Game/Assets/Textures/T_PositionalNoise_D' while loading NULL.
[2015.03.30-13.00.55:496][858]LogLinker:Warning: Can't find file '/Game/Assets/Textures/T_Grime_Lines_M'
[2015.03.30-13.00.55:496][858]LoadErrors: Info Failed to load /Game/Assets/Textures/T_Grime_Lines_M.T_Grime_Lines_M Referenced by M_Underground_Monitor_Blank
[2015.03.30-13.00.55:497][858]LogLinker:Warning: Can't find file for asset '/Game/Assets/Textures/T_Grime_Lines_M' while loading NULL.
[2015.03.30-13.00.55:498][858]LogLinker:Warning: Can't find file '/Game/Assets/Textures/T_Monitor_Screen_M'
[2015.03.30-13.00.55:498][858]LoadErrors: Info Failed to load /Game/Assets/Textures/T_Monitor_Screen_M.T_Monitor_Screen_M Referenced by M_Underground_Monitor_Blank
[2015.03.30-13.00.55:499][858]LogLinker:Warning: Can't find file for asset '/Game/Assets/Textures/T_Monitor_Screen_M' while loading NULL.
[2015.03.30-13.00.55:499][858]LogLinker:Warning: Can't find file '/Game/Assets/Materials/ML_HOLO_Noise'
[2015.03.30-13.00.55:500][858]LoadErrors: Info Failed to load /Game/Assets/Materials/ML_HOLO_Noise.ML_HOLO_Noise Referenced by MaterialExpressionMaterialFunctionCall_113
[2015.03.30-13.00.55:500][858]LogLinker:Warning: Can't find file for asset '/Game/Assets/Materials/ML_HOLO_Noise' while loading NULL.
[2015.03.30-13.00.55:501][858]LogLinker:Warning: Can't find file '/Game/Assets/Textures/T_Monitor_Screen_M'
[2015.03.30-13.00.55:501][858]LoadErrors: Info Failed to load /Game/Assets/Textures/T_Monitor_Screen_M.T_Monitor_Screen_M Referenced by MaterialExpressionTextureSample_0
[2015.03.30-13.00.55:502][858]LogLinker:Warning: Can't find file for asset '/Game/Assets/Textures/T_Monitor_Screen_M' while loading NULL.
[2015.03.30-13.00.55:503][858]LogLinker:Warning: Can't find file '/Game/Assets/Textures/T_Grime_Lines_M'
[2015.03.30-13.00.55:503][858]LoadErrors: Info Failed to load /Game/Assets/Textures/T_Grime_Lines_M.T_Grime_Lines_M Referenced by MaterialExpressionTextureSample_1
[2015.03.30-13.00.55:503][858]LogLinker:Warning: Can't find file for asset '/Game/Assets/Textures/T_Grime_Lines_M' while loading NULL.
[2015.03.30-13.00.55:504][858]LogLinker:Warning: Can't find file '/Game/Assets/Textures/T_Plank_1_by_1_N'
[2015.03.30-13.00.55:504][858]LoadErrors: Info Failed to load /Game/Assets/Textures/T_Plank_1_by_1_N.T_Plank_1_by_1_N Referenced by MaterialExpressionTextureSample_2
[2015.03.30-13.00.55:514][858]LogLinker:Warning: Can't find file for asset '/Game/Assets/Textures/T_Plank_1_by_1_N' while loading NULL.
[2015.03.30-13.00.55:516][858]LogMaterial: Missing cached shader map for material M_Underground_Monitor_Blank, compiling. 
[2015.03.30-13.00.55:516][858]LogMaterial:Warning: Failed to compile Material /Game/props/Assets/Materials/M_Underground_Monitor_Blank.M_Underground_Monitor_Blank for platform PCD3D_SM5, Default Material will be used in game.
[2015.03.30-13.00.55:516][858]LogMaterial:Warning: 	(Node TextureSample) TextureSample> Missing input texture
[2015.03.30-13.00.55:531][858]LogLinker:Warning: Can't find file '/Game/Assets/Textures/T_PositionalNoise_D'
[2015.03.30-13.00.55:532][858]LogLinker:Warning: Can't find file for asset '/Game/Assets/Textures/T_PositionalNoise_D' while loading E:/3D level Design/3D level design assets stuff/1415-3D-Level-Design/Content/props/Assets/Materials/ML_HOLO_Noise.uasset.
[2015.03.30-13.00.55:532][858]LoadErrors:Error: Error /Game/props/Assets/Materials/ML_HOLO_Noise : Can't find file for asset. /Game/Assets/Textures/T_PositionalNoise_D
[2015.03.30-13.00.55:533][858]LogLinker:Warning: Can't find file '/Game/Assets/Textures/T_PositionalNoise_D'
[2015.03.30-13.00.55:533][858]LogLinker:Warning: Can't find file for asset '/Game/Assets/Textures/T_PositionalNoise_D' while loading E:/3D level Design/3D level design assets stuff/1415-3D-Level-Design/Content/props/Assets/Materials/ML_HOLO_Noise.uasset.
[2015.03.30-13.00.55:535][858]LogLinker:Warning: Can't find file '/Game/Assets/Textures/T_PositionalNoise_D'
[2015.03.30-13.00.55:535][858]LoadErrors: Info Failed to load /Game/Assets/Textures/T_PositionalNoise_D.T_PositionalNoise_D Referenced by MaterialExpressionTextureSample_6
[2015.03.30-13.00.55:536][858]LogLinker:Warning: Can't find file for asset '/Game/Assets/Textures/T_PositionalNoise_D' while loading NULL.
[2015.03.30-13.00.55:680][858]LogTexture:Display: Building textures: T_PaintedMetal01_D (AutoDXT)
[2015.03.30-13.00.59:762][858]LogTexture:Display: Building textures: T_PaintedMetal01_N (BC5)
[2015.03.30-13.01.00:559][858]LogTexture:Display: Building textures: T_Metal_Metal03_D (AutoDXT)
[2015.03.30-13.01.01:706][858]LogTexture:Display: Building textures: T_Metal_Metal03_N (BC5)
[2015.03.30-13.01.01:860][858]LogTexture:Display: Building textures: T_COG_Metal_Rust_03_D (AutoDXT)
[2015.03.30-13.01.02:177][858]LogTexture:Display: Building textures: T_COG_Metal_Rust_03_N (BC5)
[2015.03.30-13.01.02:227][858]LogTexture:Display: Building textures: T_COG_Underground_Console_Panel_Decals (AutoDXT)
[2015.03.30-13.01.02:383][858]LogTexture:Display: Building textures: T_COG_Underground_Console_Panel_E (AutoDXT)
[2015.03.30-13.01.02:629][858]LogTexture:Display: Building textures: T_COG_Underground_Console_Panel_M (AutoDXT)
[2015.03.30-13.01.06:033][858]LogTexture:Display: Building textures: T_COG_Underground_Console_Panel_N (BC5)
[2015.03.30-13.01.06:451][858]LogTexture:Display: Building textures: T_COG_Underground_Console_Panel_Bits_M (AutoDXT)
[2015.03.30-13.01.06:677][858]LogTexture:Display: Building textures: T_COG_Underground_Console_Panel_Bits_N (BC5)
[2015.03.30-13.01.06:711][858]LogTexture:Display: Building textures: T_PositionalNoise_D (AutoDXT)
[2015.03.30-13.01.06:728][858]LogTexture:Display: Building textures: T_Grime_Lines_M (AutoDXT)
[2015.03.30-13.01.06:833][858]LogTexture:Display: Building textures: T_Monitor_Screen_M (AutoDXT)
[2015.03.30-13.01.06:911][858]LogTexture:Display: Building textures: T_Plank_1_by_1_N (BC5)
[2015.03.30-13.03.17:963][642]LogHttp:Warning: Response payload was 0 bytes, content-length indicated (2833) bytes. 000000002241BC80
[2015.03.30-13.03.17:994][642]LogHttp:Warning: 000000002241BC80 Response Header Via: 1.0 146.191.228.22 (McAfee Web Gateway 7.4.2.7.0.18936)
[2015.03.30-13.03.17:994][642]LogHttp:Warning: 000000002241BC80 Response Header Content-Type: text/html
[2015.03.30-13.03.17:994][642]LogHttp:Warning: 000000002241BC80 Response Header Cache-Control: no-cache
[2015.03.30-13.03.18:011][642]LogHttp:Warning: 000000002241BC80 Response Header Content-Length: 2833
[2015.03.30-13.03.18:011][642]LogHttp:Warning: 000000002241BC80 Response Header Proxy-Connection: Keep-Alive
[2015.03.30-13.04.14:079][116]LogContentBrowser:Verbose: The content browser source was changed by the sources view to '/Game'
[2015.03.30-13.04.14:572][117]LogContentBrowser:Verbose: The content browser source was changed by the sources view to '/Game/architecture'
[2015.03.30-13.04.15:513][125]LogContentBrowser:Verbose: The content browser source was changed by the sources view to '/Game'
[2015.03.30-13.04.25:044][916]LogContentBrowser:Verbose: The content browser source was changed by the sources view to '/Game/Assets/Meshes'
[2015.03.30-13.04.25:972][975]LogMaterial: Missing cached shader map for material M_COG_Underground_Console_Panel, compiling. 
[2015.03.30-13.04.25:996][975]LogMaterial: Missing cached shader map for material M_COG_Underground_Console_Panel_Bits, compiling. 
[2015.03.30-13.04.26:007][975]LogMaterial: Missing cached shader map for material M_Underground_Monitor_Blank, compiling. 
[2015.03.30-13.04.26:437][975]LogActorFactory: Actor Factory created SM_Cog_Underground_Console_Panel_NoButton
[2015.03.30-13.04.26:625][975]LogActorFactory: Actor Factory created SM_Cog_Underground_Console_Panel_NoButton
[2015.03.30-13.05.43:868][233]Cmd: DELETE
[2015.03.30-13.05.43:868][233]Cmd: ACTOR DELETE
[2015.03.30-13.05.43:991][233]LogEditorActor: Deleted Actor: StaticMeshActor
[2015.03.30-13.05.44:023][233]LogEditorActor: Deleted 1 Actors (0.040 secs)
[2015.03.30-13.05.48:050][485]LogContentBrowser:Verbose: The content browser source was changed by the sources view to '/Game/maps'
[2015.03.30-13.05.53:550][ 40]LogContentBrowser:Verbose: The content browser source was changed by the sources view to '/Game/maps'
[2015.03.30-13.06.47:021][452]LogParticles: Destroying 0 GPU particle simulations for FXSystem 0x0000000013826700
[2015.03.30-13.07.06:771][991]LogSavePackage: Save=10807.180664ms
[2015.03.30-13.07.06:771][991]LogSavePackage: Moving 'E:/3D level Design/3D level design assets stuff/1415-3D-Level-Design/Saved/model-workspace0C135FE244CF7C9CCE80C3B44A54E6F1.tmp' to 'E:/3D level Design/3D level design assets stuff/1415-3D-Level-Design/Content/maps/model-workspace.umap'
[2015.03.30-13.07.07:015][991]LogFileHelpers: Saving map 'model-workspace' took 13.711
[2015.03.30-13.07.07:050][995]LogHttp:Warning: Response payload was 0 bytes, content-length indicated (2833) bytes. 00000000220D90C0
[2015.03.30-13.07.07:053][995]LogHttp:Warning: 00000000220D90C0 Response Header Via: 1.0 146.191.228.22 (McAfee Web Gateway 7.4.2.7.0.18936)
[2015.03.30-13.07.07:053][995]LogHttp:Warning: 00000000220D90C0 Response Header Content-Type: text/html
[2015.03.30-13.07.07:053][995]LogHttp:Warning: 00000000220D90C0 Response Header Cache-Control: no-cache
[2015.03.30-13.07.07:053][995]LogHttp:Warning: 00000000220D90C0 Response Header Content-Length: 2833
[2015.03.30-13.07.07:053][995]LogHttp:Warning: 00000000220D90C0 Response Header Proxy-Connection: Keep-Alive
[2015.03.30-13.07.26:225][797]Cmd: QUIT_EDITOR
[2015.03.30-13.07.27:100][797]LogHttp:Warning: Response payload was 0 bytes, content-length indicated (2833) bytes. 00000000224B4D40
[2015.03.30-13.07.27:283][797]LogExit: Preparing to exit.
[2015.03.30-13.07.28:589][797]LogExit: Editor shut down
[2015.03.30-13.07.28:589][797]LogExit: Transaction tracking system shut down
[2015.03.30-13.07.28:590][797]LogParticles: Destroying 0 GPU particle simulations for FXSystem 0x000000000EEE0A40
[2015.03.30-13.07.28:590][797]LogParticles: Destroying 0 GPU particle simulations for FXSystem 0x00000000137BA200
[2015.03.30-13.07.28:591][797]LogParticles: Destroying 0 GPU particle simulations for FXSystem 0x000000001AE9F240
[2015.03.30-13.07.28:591][797]LogParticles: Destroying 0 GPU particle simulations for FXSystem 0x000000000EEE11C0
[2015.03.30-13.07.28:641][797]LogExit: Object subsystem successfully closed.
[2015.03.30-13.07.28:698][797]LogModuleManager: Shutting down and abandoning module CrashTracker (177)
[2015.03.30-13.07.28:698][797]LogModuleManager: Shutting down and abandoning module SuperSearch (176)
[2015.03.30-13.07.28:698][797]LogModuleManager: Shutting down and abandoning module SceneOutliner (175)
[2015.03.30-13.07.28:698][797]LogModuleManager: Shutting down and abandoning module EditorWidgets (174)
[2015.03.30-13.07.28:698][797]LogModuleManager: Shutting down and abandoning module CollectionManager (173)
[2015.03.30-13.07.28:698][797]LogModuleManager: Shutting down and abandoning module StatsViewer (172)
[2015.03.30-13.07.28:698][797]LogModuleManager: Shutting down and abandoning module FoliageEdit (171)
[2015.03.30-13.07.28:698][797]LogModuleManager: Shutting down and abandoning module LandscapeEditor (170)
[2015.03.30-13.07.28:698][797]LogModuleManager: Shutting down and abandoning module MeshPaint (169)
[2015.03.30-13.07.28:698][797]LogModuleManager: Shutting down and abandoning module ActorPickerMode (168)
[2015.03.30-13.07.28:698][797]LogModuleManager: Shutting down and abandoning module GeometryMode (167)
[2015.03.30-13.07.28:698][797]LogModuleManager: Shutting down and abandoning module TextureAlignMode (166)
[2015.03.30-13.07.28:698][797]LogModuleManager: Shutting down and abandoning module BspMode (165)
[2015.03.30-13.07.28:698][797]LogModuleManager: Shutting down and abandoning module PlacementMode (164)
[2015.03.30-13.07.28:698][797]LogModuleManager: Shutting down and abandoning module AutomationWorker (163)
[2015.03.30-13.07.28:698][797]LogModuleManager: Shutting down and abandoning module CharacterAI (162)
[2015.03.30-13.07.28:698][797]LogModuleManager: Shutting down and abandoning module SmartSnapping (161)
[2015.03.30-13.07.28:698][797]LogModuleManager: Shutting down and abandoning module ViewportSnapping (160)
[2015.03.30-13.07.28:698][797]LogModuleManager: Shutting down and abandoning module LogVisualizer (159)
[2015.03.30-13.07.28:698][797]LogModuleManager: Shutting down and abandoning module GameProjectGeneration (158)
[2015.03.30-13.07.28:698][797]LogModuleManager: Shutting down and abandoning module IntroTutorials (157)
[2015.03.30-13.07.28:698][797]LogModuleManager: Shutting down and abandoning module EditorLiveStreaming (156)
[2015.03.30-13.07.28:698][797]LogModuleManager: Shutting down and abandoning module HardwareTargeting (155)
[2015.03.30-13.07.28:698][797]LogModuleManager: Shutting down and abandoning module DeviceProfileEditor (154)
[2015.03.30-13.07.28:698][797]LogModuleManager: Shutting down and abandoning module UndoHistory (153)
[2015.03.30-13.07.28:698][797]LogModuleManager: Shutting down and abandoning module GameplayTagsEditor (152)
[2015.03.30-13.07.28:698][797]LogModuleManager: Shutting down and abandoning module UserFeedback (151)
[2015.03.30-13.07.28:698][797]LogModuleManager: Shutting down and abandoning module XmlParser (150)
[2015.03.30-13.07.28:698][797]LogModuleManager: Shutting down and abandoning module Blutility (149)
[2015.03.30-13.07.28:698][797]LogModuleManager: Shutting down and abandoning module IOSPlatformEditor (148)
[2015.03.30-13.07.28:698][797]LogModuleManager: Shutting down and abandoning module IOSRuntimeSettings (147)
[2015.03.30-13.07.28:698][797]LogModuleManager: Shutting down and abandoning module AndroidDeviceDetection (146)
[2015.03.30-13.07.29:412][797]LogModuleManager: Shutting down and abandoning module AndroidPlatformEditor (145)
[2015.03.30-13.07.29:412][797]LogModuleManager: Shutting down and abandoning module AndroidRuntimeSettings (144)
[2015.03.30-13.07.29:412][797]LogModuleManager: Shutting down and abandoning module ProjectTargetPlatformEditor (143)
[2015.03.30-13.07.29:412][797]LogModuleManager: Shutting down and abandoning module ProjectSettingsViewer (142)
[2015.03.30-13.07.29:412][797]LogModuleManager: Shutting down and abandoning module InputBindingEditor (141)
[2015.03.30-13.07.29:412][797]LogModuleManager: Shutting down and abandoning module EditorSettingsViewer (140)
[2015.03.30-13.07.29:412][797]LogModuleManager: Shutting down and abandoning module SettingsEditor (139)
[2015.03.30-13.07.29:526][797]LogModuleManager: Shutting down and abandoning module ProjectLauncher (138)
[2015.03.30-13.07.29:526][797]LogModuleManager: Shutting down and abandoning module SessionFrontend (137)
[2015.03.30-13.07.29:526][797]LogModuleManager: Shutting down and abandoning module ProfilerClient (136)
[2015.03.30-13.07.29:526][797]LogModuleManager: Shutting down and abandoning module TargetDeviceServices (135)
[2015.03.30-13.07.29:526][797]LogModuleManager: Shutting down and abandoning module DeviceManager (134)
[2015.03.30-13.07.29:526][797]LogModuleManager: Shutting down and abandoning module AutomationController (133)
[2015.03.30-13.07.29:526][797]LogModuleManager: Shutting down and abandoning module AutomationWindow (132)
[2015.03.30-13.07.29:526][797]LogModuleManager: Shutting down and abandoning module Layers (131)
[2015.03.30-13.07.29:526][797]LogModuleManager: Shutting down and abandoning module ComponentVisualizers (130)
[2015.03.30-13.07.29:526][797]LogModuleManager: Shutting down and abandoning module DetailCustomizations (129)
[2015.03.30-13.07.29:526][797]LogModuleManager: Shutting down and abandoning module PackagesDialog (128)
[2015.03.30-13.07.29:526][797]LogModuleManager: Shutting down and abandoning module AssetRegistry (127)
[2015.03.30-13.07.30:472][797]LogModuleManager: Shutting down and abandoning module Persona (126)
[2015.03.30-13.07.30:472][797]LogModuleManager: Shutting down and abandoning module SlateReflector (125)
[2015.03.30-13.07.30:472][797]LogModuleManager: Shutting down and abandoning module LevelEditor (124)
[2015.03.30-13.07.30:473][797]LogModuleManager: Shutting down and abandoning module Kismet (123)
[2015.03.30-13.07.30:473][797]LogModuleManager: Shutting down and abandoning module GraphEditor (122)
[2015.03.30-13.07.30:473][797]LogModuleManager: Shutting down and abandoning module ClassViewer (121)
[2015.03.30-13.07.30:473][797]LogModuleManager: Shutting down and abandoning module Toolbox (120)
[2015.03.30-13.07.30:473][797]LogModuleManager: Shutting down and abandoning module ModuleUI (119)
[2015.03.30-13.07.30:473][797]LogModuleManager: Shutting down and abandoning module MovieSceneTools (118)
[2015.03.30-13.07.30:473][797]LogModuleManager: Shutting down and abandoning module OutputLog (117)
[2015.03.30-13.07.30:473][797]LogModuleManager: Shutting down and abandoning module GammaUI (116)
[2015.03.30-13.07.30:473][797]LogModuleManager: Shutting down and abandoning module Documentation (115)
[2015.03.30-13.07.30:473][797]LogModuleManager: Shutting down and abandoning module GameLiveStreaming (114)
[2015.03.30-13.07.30:473][797]LogModuleManager: Shutting down and abandoning module StreamingPauseRendering (113)
[2015.03.30-13.07.30:473][797]LogModuleManager: Shutting down and abandoning module HTTP (112)
[2015.03.30-13.07.30:473][797]LogModuleManager: Shutting down and abandoning module AnalyticsET (111)
[2015.03.30-13.07.30:473][797]LogModuleManager: Shutting down and abandoning module Analytics (110)
[2015.03.30-13.07.30:473][797]LogModuleManager: Shutting down and abandoning module AITestSuite (109)
[2015.03.30-13.07.30:473][797]LogModuleManager: Shutting down and abandoning module GameplayDebugger (108)
[2015.03.30-13.07.30:473][797]LogModuleManager: Shutting down and abandoning module AIModule (107)
[2015.03.30-13.07.30:473][797]LogModuleManager: Shutting down and abandoning module ProfilerService (106)
[2015.03.30-13.07.30:716][797]LogModuleManager: Shutting down and abandoning module TaskGraph (105)
[2015.03.30-13.07.30:716][797]LogModuleManager: Shutting down and abandoning module SlateRemote (104)
[2015.03.30-13.07.30:716][797]LogModuleManager: Shutting down and abandoning module ScriptEditorPlugin (103)
[2015.03.30-13.07.30:716][797]LogModuleManager: Shutting down and abandoning module CustomMeshComponent (102)
[2015.03.30-13.07.30:716][797]LogModuleManager: Shutting down and abandoning module CableComponent (101)
[2015.03.30-13.07.30:716][797]LogModuleManager: Shutting down and abandoning module MessagingDebugger (100)
[2015.03.30-13.07.30:737][797]LogModuleManager: Shutting down and abandoning module MediaPlayerEditor (99)
[2015.03.30-13.07.30:737][797]LogModuleManager: Shutting down and abandoning module SpeedTreeImporter (98)
[2015.03.30-13.07.30:737][797]LogModuleManager: Shutting down and abandoning module PluginsEditor (97)
[2015.03.30-13.07.30:737][797]LogModuleManager: Shutting down and abandoning module MainFrame (96)
[2015.03.30-13.07.30:737][797]LogModuleManager: Shutting down and abandoning module EpicSurvey (95)
[2015.03.30-13.07.30:737][797]LogModuleManager: Shutting down and abandoning module DesktopPlatform (94)
[2015.03.30-13.07.30:737][797]LogModuleManager: Shutting down and abandoning module DirectoryWatcher (93)
[2015.03.30-13.07.30:737][797]LogModuleManager: Shutting down and abandoning module HotReload (92)
[2015.03.30-13.07.30:737][797]LogModuleManager: Shutting down and abandoning module VisualStudioSourceCodeAccess (91)
[2015.03.30-13.07.30:737][797]LogModuleManager: Shutting down and abandoning module UObjectPlugin (90)
[2015.03.30-13.07.30:737][797]LogModuleManager: Shutting down and abandoning module SubversionSourceControl (89)
[2015.03.30-13.07.30:737][797]LogModuleManager: Shutting down and abandoning module PerforceSourceControl (88)
[2015.03.30-13.07.30:737][797]LogModuleManager: Shutting down and abandoning module SourceControl (87)
[2015.03.30-13.07.30:737][797]LogModuleManager: Shutting down and abandoning module GitSourceControl (86)
[2015.03.30-13.07.30:737][797]LogModuleManager: Shutting down and abandoning module BlankPlugin (85)
[2015.03.30-13.07.30:737][797]LogModuleManager: Shutting down and abandoning module PaperTiledImporter (84)
[2015.03.30-13.07.30:737][797]LogModuleManager: Shutting down and abandoning module PaperJsonImporter (83)
[2015.03.30-13.07.30:737][797]LogModuleManager: Shutting down and abandoning module ContentBrowser (82)
[2015.03.30-13.07.30:738][797]LogModuleManager: Shutting down and abandoning module Paper2DEditor (81)
[2015.03.30-13.07.30:738][797]LogModuleManager: Shutting down and abandoning module ScriptPlugin (80)
[2015.03.30-13.07.30:738][797]LogModuleManager: Shutting down and abandoning module UdpMessaging (79)
[2015.03.30-13.07.30:839][797]LogModuleManager: Shutting down and abandoning module Paper2D (78)
[2015.03.30-13.07.30:839][797]LogModuleManager: Shutting down and abandoning module WindowsMoviePlayer (77)
[2015.03.30-13.07.30:841][797]LogModuleManager: Shutting down and abandoning module Media (76)
[2015.03.30-13.07.30:841][797]LogModuleManager: Shutting down and abandoning module WmfMedia (75)
[2015.03.30-13.07.30:859][797]LogModuleManager: Shutting down and abandoning module OnlineBlueprintSupport (74)
[2015.03.30-13.07.30:859][797]LogModuleManager: Shutting down and abandoning module PropertyEditor (73)
[2015.03.30-13.07.30:859][797]LogModuleManager: Shutting down and abandoning module BehaviorTreeEditor (72)
[2015.03.30-13.07.30:859][797]LogModuleManager: Shutting down and abandoning module FunctionalTesting (71)
[2015.03.30-13.07.30:859][797]LogModuleManager: Shutting down and abandoning module CollisionAnalyzer (70)
[2015.03.30-13.07.30:859][797]LogModuleManager: Shutting down and abandoning module WorkspaceMenuStructure (69)
[2015.03.30-13.07.30:859][797]LogModuleManager: Shutting down and abandoning module MessageLog (68)
[2015.03.30-13.07.30:859][797]LogModuleManager: Shutting down and abandoning module Sequencer (67)
[2015.03.30-13.07.30:859][797]LogModuleManager: Shutting down and abandoning module AssetTools (66)
[2015.03.30-13.07.30:859][797]LogModuleManager: Shutting down and abandoning module UMGEditor (65)
[2015.03.30-13.07.30:859][797]LogModuleManager: Shutting down and abandoning module UMG (64)
[2015.03.30-13.07.30:859][797]LogModuleManager: Shutting down and abandoning module Slate (63)
[2015.03.30-13.07.30:859][797]LogModuleManager: Shutting down and abandoning module EditorStyle (62)
[2015.03.30-13.07.30:863][797]LogModuleManager: Shutting down and abandoning module SessionServices (61)
[2015.03.30-13.07.30:884][797]LogModuleManager: Shutting down and abandoning module SourceCodeAccess (60)
[2015.03.30-13.07.30:884][797]LogModuleManager: Shutting down and abandoning module HeadMountedDisplay (59)
[2015.03.30-13.07.30:884][797]LogModuleManager: Shutting down and abandoning module XAudio2 (58)
[2015.03.30-13.07.30:884][797]LogModuleManager: Shutting down and abandoning module Networking (56)
[2015.03.30-13.07.30:884][797]LogModuleManager: Shutting down and abandoning module Core (55)
[2015.03.30-13.07.30:884][797]LogModuleManager: Shutting down and abandoning module KismetCompiler (54)
[2015.03.30-13.07.30:884][797]LogModuleManager: Shutting down and abandoning module PhysXFormats (53)
[2015.03.30-13.07.30:884][797]LogModuleManager: Shutting down and abandoning module MeshUtilities (52)
[2015.03.30-13.07.30:884][797]LogModuleManager: Shutting down and abandoning module DerivedDataCache (51)
[2015.03.30-13.07.30:941][797]LogDerivedDataCache: Shutdown
[2015.03.30-13.07.30:941][797]LogModuleManager: Shutting down and abandoning module ShaderFormatOpenGL (50)
[2015.03.30-13.07.30:941][797]LogModuleManager: Shutting down and abandoning module ShaderFormatD3D (49)
[2015.03.30-13.07.30:941][797]LogModuleManager: Shutting down and abandoning module MetalShaderFormat (48)
[2015.03.30-13.07.30:941][797]LogModuleManager: Shutting down and abandoning module TextureFormatUncompressed (47)
[2015.03.30-13.07.30:941][797]LogModuleManager: Shutting down and abandoning module TextureFormatPVR (46)
[2015.03.30-13.07.30:941][797]LogModuleManager: Shutting down and abandoning module TextureFormatIntelISPCTexComp (45)
[2015.03.30-13.07.30:941][797]LogModuleManager: Shutting down and abandoning module TextureFormatDXT (44)
[2015.03.30-13.07.30:941][797]LogModuleManager: Shutting down and abandoning module ImageWrapper (43)
[2015.03.30-13.07.30:941][797]LogModuleManager: Shutting down and abandoning module TextureFormatASTC (42)
[2015.03.30-13.07.30:941][797]LogModuleManager: Shutting down and abandoning module TextureFormatAndroid (41)
[2015.03.30-13.07.30:941][797]LogModuleManager: Shutting down and abandoning module AudioFormatOpus (40)
[2015.03.30-13.07.30:941][797]LogModuleManager: Shutting down and abandoning module AudioFormatOgg (39)
[2015.03.30-13.07.30:941][797]LogModuleManager: Shutting down and abandoning module AudioFormatADPCM (38)
[2015.03.30-13.07.30:941][797]LogModuleManager: Shutting down and abandoning module LinuxTargetPlatform (37)
[2015.03.30-13.07.30:941][797]LogModuleManager: Shutting down and abandoning module LinuxServerTargetPlatform (36)
[2015.03.30-13.07.30:941][797]LogModuleManager: Shutting down and abandoning module LinuxNoEditorTargetPlatform (35)
[2015.03.30-13.07.30:941][797]LogModuleManager: Shutting down and abandoning module Messaging (34)
[2015.03.30-13.07.30:941][797]LogModuleManager: Shutting down and abandoning module IOSTargetPlatform (33)
[2015.03.30-13.07.30:941][797]LogModuleManager: Shutting down and abandoning module HTML5TargetPlatform (32)
[2015.03.30-13.07.30:941][797]LogModuleManager: Shutting down and abandoning module Android_PVRTCTargetPlatform (31)
[2015.03.30-13.07.30:941][797]LogModuleManager: Shutting down and abandoning module Android_ETC2TargetPlatform (30)
[2015.03.30-13.07.30:941][797]LogModuleManager: Shutting down and abandoning module Android_ETC1TargetPlatform (29)
[2015.03.30-13.07.30:941][797]LogModuleManager: Shutting down and abandoning module Android_ES31TargetPlatform (28)
[2015.03.30-13.07.30:941][797]LogModuleManager: Shutting down and abandoning module Android_DXTTargetPlatform (27)
[2015.03.30-13.07.30:941][797]LogModuleManager: Shutting down and abandoning module Android_ATCTargetPlatform (26)
[2015.03.30-13.07.30:941][797]LogModuleManager: Shutting down and abandoning module AndroidTargetPlatform (25)
[2015.03.30-13.07.30:941][797]LogModuleManager: Shutting down and abandoning module WindowsTargetPlatform (24)
[2015.03.30-13.07.30:941][797]LogModuleManager: Shutting down and abandoning module WindowsServerTargetPlatform (23)
[2015.03.30-13.07.30:961][797]LogModuleManager: Shutting down and abandoning module WindowsNoEditorTargetPlatform (22)
[2015.03.30-13.07.30:961][797]LogModuleManager: Shutting down and abandoning module WindowsClientTargetPlatform (21)
[2015.03.30-13.07.30:961][797]LogModuleManager: Shutting down and abandoning module TargetPlatform (20)
[2015.03.30-13.07.30:961][797]LogModuleManager: Shutting down and abandoning module InputCore (19)
[2015.03.30-13.07.30:961][797]LogModuleManager: Shutting down and abandoning module Settings (18)
[2015.03.30-13.07.30:961][797]LogModuleManager: Shutting down and abandoning module OnlineSubsystem (16)
[2015.03.30-13.07.30:961][797]LogModuleManager: Shutting down and abandoning module OculusRift (15)
[2015.03.30-13.07.30:961][797]LogModuleManager: Shutting down and abandoning module ExampleDeviceProfileSelector (14)
[2015.03.30-13.07.30:961][797]LogModuleManager: Shutting down and abandoning module TextureCompressor (13)
[2015.03.30-13.07.30:961][797]LogModuleManager: Shutting down and abandoning module ShaderCore (12)
[2015.03.30-13.07.30:961][797]LogModuleManager: Shutting down and abandoning module Landscape (11)
[2015.03.30-13.07.30:961][797]LogModuleManager: Shutting down and abandoning module SlateRHIRenderer (10)
[2015.03.30-13.07.30:963][797]LogModuleManager: Shutting down and abandoning module OpenGLDrv (9)
[2015.03.30-13.07.30:963][797]LogModuleManager: Shutting down and abandoning module D3D11RHI (8)
[2015.03.30-13.07.30:963][797]LogModuleManager: Shutting down and abandoning module Renderer (7)
[2015.03.30-13.07.30:963][797]LogModuleManager: Shutting down and abandoning module Engine (6)
[2015.03.30-13.07.30:963][797]LogModuleManager: Shutting down and abandoning module CoreUObject (5)
[2015.03.30-13.07.30:963][797]LogModuleManager: Shutting down and abandoning module NetworkFile (4)
[2015.03.30-13.07.30:963][797]LogModuleManager: Shutting down and abandoning module StreamingFile (3)
[2015.03.30-13.07.30:963][797]LogModuleManager: Shutting down and abandoning module SandboxFile (2)
[2015.03.30-13.07.30:963][797]LogModuleManager: Shutting down and abandoning module PakFile (1)
[2015.03.30-13.07.30:964][797]LogExit: Exiting.
[2015.03.30-13.07.31:105][797]Log file closed, 03/30/15 14:07:31
